MainMenuHelp	8
added	2
adoptPreviousSolutions	7
allowPrivacyRoles	1
autoMailSignature	2
avoidMatchingWordBreak	1
cacheByCode	8
cacheTooltips	5
calQuery	1
call	1
campoData	36
campusGrades	6
campusSub	20
cancelTos	2
changeSub	6
changeXlnTemplate	1
checkUserAdminMail	1
cleanupRbacLog	3
cleanupTrash	16
clientByUrl	2
copyBySoap	14
copyForumSorting	1
copyGloShowTax	1
copyPad	3
copyShowGradingStatus	1
countUsersOnline	6
courseDataCert	3
courseGroupRegCodes	3
courseGrouping	2
courseUdf	53
cronSetLastRun	3
customClientIni	7
customCss	14
customPage	9
customPatches	13
customSettings	5
dcImportLimit	2
dclFieldLock	15
dclPerfomrmance	1
dclPerformance	8
defaultSub	2
delayCopyRandomQuestions	3
deletePass	2
deleteTestPass	7
devmodeFooter	1
dropUp	2
ecsProxy	1
editDidacticTemplaceChoice	2
editDidacticTemplateChoice	1
eduProxy	3
etherGeneralNotice	1
evalSelect	5
exAssHook	86
exAssTest	36
exCalc	40
exFeedbackHtml	2
exFileSuffixes	20
exGradeTime	34
exGradesExport	7
exInstRte	2
exManCalc	2
exMaxPoints	26
exMemDelete	4
exMemStateCache	4
exMultiFeedbackStructure	22
exMultiFeedbackStucture	1
exNotify	15
exPeerFeedbackDownload	5
exPlag	40
exResTime	41
exStatement	32
exStatusFile	8
exTeamLimit	19
exTeamRemove	9
exTeamSingles	3
exTeamSort	2
exeResTime	1
extendBenchmark	22
extendTestResults	3
extendedAccess	9
fair	2
fairSub	152
fastForumFiles	3
fix	1
fixActiveRecordCache	4
fixAnomymousTestPdf	1
fixAppointmentPresentation	1
fixContainerLongDescription	1
fixCopyChat	1
fixCourseFileDownload	1
fixCourseRegHeader	2
fixCustomRteStyle	1
fixDclSortRef	1
fixDeletedExerciseMember	1
fixDescriptionLineBreaks	1
fixEmptyGapPreview	1
fixErrorHandlingDirectory	2
fixExDownloadAll	1
fixExNotificationAccess	1
fixExStatusUpdate	1
fixExamSubmissionReviewPdfName	1
fixFileUploadQuestionSize	1
fixFileVersionDir	9
fixFormulaRoundingFix	2
fixFullscreenLink	2
fixGapFormula	3
fixGapReplace	14
fixGroupDescription	1
fixH5pClone	1
fixH5pInLm	1
fixH5pInLso	2
fixHasAgreementsQuery	1
fixHtmlInGapText	1
fixHtmlMobInMediaPoolPreview	1
fixIcalLines	1
fixImportSurveyCodes	1
fixIniFile	1
fixIos9	2
fixIvDeletedUserComment	1
fixIvMultiYoutube	2
fixKPrimOptionLabel	1
fixKprimOptionLabel	4
fixLinkChecker	3
fixLlsoCronConditionCheck	3
fixLmErrorTextSelected	1
fixLmImagemap	1
fixLmMatchingPoints	1
fixLmOfflineOverlay	4
fixLmQuestionOfflineScripts	2
fixLmScormManifest	1
fixLogfileWrite	1
fixLongMenuFile	1
fixLongMenuGapsLm	1
fixLongMenuMissingDef	1
fixLsoResume	1
fixManScoringSuccessMessage	2
fixMarkSchemaMatching	1
fixMatchingImageExport	4
fixMcWithLimit	1
fixMissingCopyOperation	7
fixMissingGapLength	2
fixMissingGloDefMetaGeneral	1
fixMultilineOrdering	2
fixOrderingAnswerTex	2
fixOrderingExportXls	1
fixOrguAccess	1
fixPCPluggedCopy	1
fixParalleManScoring	1
fixPdImportXss	6
fixPrintForMembers	2
fixQplContainerImport	1
fixQtiMetaIndent	1
fixQuestionCountUpdate	1
fixQuestionMediaFullscreen	1
fixQuestionValidateSubmit	5
fixRCopy	1
fixRandomTestBuildable	8
fixRandomTestDoubleOriginals	3
fixRandomTestExportPages	1
fixRegPeriodInfo	2
fixRemoveTrashed	9
fixRepositoryScript	1
fixScMcAnswerLatex	2
fixScMcImport	8
fixScheduleInputLimit	3
fixSessionControlSetup	1
fixSessionManageMembersPerm	1
fixSessionRegistered	1
fixSettingSave	1
fixSingleTabScreenId	1
fixSoapServer	1
fixSurveyAnonFinished	1
fixSurveyQuestionListEditLinks	1
fixTestEvaluationSequence	1
fixTestImportDirectory	5
fixTestImportType	2
fixTestLpAfterManualFinish	1
fixTestPassedQuery	1
fixTestPdfImages	1
fixTestReportingDate	1
fixTinyInExam	3
fixTranslateContext	1
fixUnzipEncoding	9
fixValidateSolutionSubmit	9
fixWaitingListProperty	1
fixWaitingListSegmentation	1
fixWebLinkSecurity	1
fixWrongQuestionCount	1
fixWrongQuestionsCount	2
fixZip	2
formulaQuestionAtan2	12
forumNotificationFooter	2
genderSalutation	1
gitIgnore	1
gotoLinks	3
groupingSelector	13
handle	1
heavySub	5
hide	3
hideLocalUserAdmin	4
hideLpOnDesktop	1
hideWebdav	2
htmlMail	1
httpPath	5
idmData	5
idmPass	5
ilObjectDefCache	2
imageBox	26
imageLinkDefault	3
imageSVG	1
inactiveInfo	2
infoScreen	5
inheritContentStyle	92
joinAsGuest	12
joinLink	7
jumpMedia	28
largeMediaPoolPreview	1
lectureOnDemand	1
legacyIcons	9
limitSub	8
limitedMediaPlayer	14
linkInSameWindow	6
linkPermaShort	2
linkRandomPool	4
lmFooter	5
lmGapFeedback	7
lmGapFormat	2
lmGapShuffle	1
lmLayout	7
lmMenu	1
lmQStat	8
logErrorFile	5
logSetupTimes	2
loginFailed	3
loginFallback	5
loginLog	6
lpLmCache	6
lpQuestionsPercent	16
lpRefreshesLimit	9
lsoManualRefresh	7
mailBySoap	2
mailToMembers	14
mailToRoleAddress	2
mainMenuHelp	4
maintenanceEmergency	1
manScoring	2
mathJaxServer	1
memberExport	36
merged	3
nobrElement	4
numericLink	1
objectDefCache	5
objectSub	47
optimizeAppChildrenRecursiveQuery	1
optimizeRandomRuleSelect	6
optimizeRandomRuleSelects	1
optimizeUserActions	2
orgData	1
ownFooter	15
pageLayout	11
preventContextMenu	2
preventFullUserExport	1
preventImageDrag	1
preventQtiImageValidate	2
provideRecalc	8
pwChangeForm	3
questionDesc	6
questionPrint	12
radiusRole	1
ramdomSetOrder	1
randomOrder	1
randomSetOrder	17
redirectByHtml	2
reduceIndex	6
reduceProfile	3
regCodes	67
regPeriod	9
relativeLink	14
requestLog	11
restrictAvailabilityChange	1
rootAsLogin	20
rootIsReduced	15
samlAuth	13
searchAutoComplete	1
searchMatriculations	6
selectAllInfo	1
sendSimpleResults	7
sessionOverview	10
sessionSub	43
setMembersPassed	1
setupErrors	1
shortInstallationSignature	1
shortRssLink	22
show	2
showBestSolutionBelow	4
showCLientInfo	1
showClientInfo	1
showGapSolutionComplete	1
showHelpIds	3
showMemLimit	28
showOnlyExtraTimes	2
showRegLimit	1
showSharePaswordRequirements	1
showStartingTime	4
showTypeHelptext	12
showUpperPermissions	3
singleCronJob	11
soapFunctions	5
sortCase	3
statusCheck	2
stornoBook	13
studyCond	52
studyData	40
styleCloneQuery	1
subFair	2
subtreeQuery	1
surveyAsForm	14
surveyCaptcha	9
surveyReminderEnd	1
taxDesc	31
taxFilter	5
taxGroupFilter	27
tempSettings	1
testGradingMessage	19
testImportResults	2
testInfoScreen	1
testNav	135
testPasswordChangeInfo	1
testQuestionBrowserRoot	10
testShowAutoSave	2
testStatement	28
toggleChatMessages	10
traceRedirects	3
treeOrderSkip	3
treeParentCache	3
treeQuery	6
treeQuery53	14
tstDownloadFilesInResultsView	1
tweakCoursAdminPermission	1
typeFilter	6
univisAdmin	4
univisImport	40
univisInfo	10
univisLinks	5
updateDidacticTemplateRole	1
uploadZippedHtmlMedia	4
userAutoCompleteOrder	1
userDeleteMailAttach	3
userQuery	6
versionSuffix	6
videoPortal	8
videoPreviewPic	16
visibilityHints	10
waitSub	4
waitTimeout	3
wcag	2
webAccessChecker	8
