--- Merging differences between repository URLs into '.':
U    Services\Authentication\classes\class.ilAuthUtils.php
U    Services\Authentication\classes\class.ilSession.php
U    Services\Authentication\classes\class.ilAuthBase.php
U    Services\Authentication\classes\class.ilSessionControl.php
U    Services\Authentication\classes\class.ilAuthContainerDatabase.php
U    Services\Authentication\classes\class.ilSessionStatistics.php
U    Services\Authentication\classes\class.ilSessionReminder.php
U    Services\Container\classes\class.ilContainerGUI.php
C    Services\Container\classes\class.ilContainerSessionsContentGUI.php
U    Services\Container\classes\class.ilContainerSortingSettings.php
C    Services\Container\classes\class.ilContainerByTypeContentGUI.php
U    Services\Container\classes\class.ilContainer.php
U    Services\Container\classes\class.ilContainerContentGUI.php
U    Services\Container\templates\default\tpl.container_list_item.html
U    Services\Mail\classes\class.ilMailFormGUI.php
U    Services\Mail\classes\class.ilObjMailGUI.php
U    Services\Mail\classes\class.ilMailNotification.php
U    Services\Mail\classes\class.ilMail.php
U    Services\Mail\LuceneDataSource.xml
U    Services\VirusScanner\classes\class.ilVirusScannerFactory.php
U    Services\Context\classes\class.ilContextSoap.php
U    Services\Administration\classes\class.ilSetting.php
U    Services\Administration\classes\class.ilAdministrationGUI.php
U    Services\Logging\classes\class.ilLog.php
U    Services\Table\classes\class.ilTable2GUI.php
A    Services\Table\classes\class.ilTablePostGUI.php
U    Services\Table\templates\default\tpl.table2.html
A    Services\Table\templates\default\tpl.table_post_linkbar.html
U    Services\Help\classes\class.ilHelpMapping.php
U    Services\Help\classes\class.ilHelp.php
A    Services\MediaObjects\media_element_2_9_5
A    Services\MediaObjects\media_element_2_9_5\mediaelement-and-player.js
A    Services\MediaObjects\media_element_2_9_5\controls-ted.png
A    Services\MediaObjects\media_element_2_9_5\background.png
A    Services\MediaObjects\media_element_2_9_5\mediaelementplayer.min.js
A    Services\MediaObjects\media_element_2_9_5\mediaelement.js
A    Services\MediaObjects\media_element_2_9_5\flashmediaelement.swf
A    Services\MediaObjects\media_element_2_9_5\bigplay.png
A    Services\MediaObjects\media_element_2_9_5\mejs-skins.css
A    Services\MediaObjects\media_element_2_9_5\controls-wmp-bg.png
A    Services\MediaObjects\media_element_2_9_5\mediaelementplayer.min.css
A    Services\MediaObjects\media_element_2_9_5\mediaelement-and-player.min.js
A    Services\MediaObjects\media_element_2_9_5\loading.gif
A    Services\MediaObjects\media_element_2_9_5\mediaelementplayer.js
A    Services\MediaObjects\media_element_2_9_5\controls.png
A    Services\MediaObjects\media_element_2_9_5\mediaelement.min.js
A    Services\MediaObjects\media_element_2_9_5\controls-wmp.png
A    Services\MediaObjects\media_element_2_9_5\jquery.js
A    Services\MediaObjects\media_element_2_9_5\silverlightmediaelement.xap
A    Services\MediaObjects\media_element_2_9_5\mediaelementplayer.css
A    Services\MediaObjects\limited_player.php
U    Services\MediaObjects\js\MediaObjects.js
A    Services\MediaObjects\classes\class.ilLimitedMediaPlayerUsage.php
U    Services\MediaObjects\classes\class.ilPlayerUtil.php
U    Services\MediaObjects\classes\class.ilMediaPlayerGUI.php
U    Services\MediaObjects\classes\class.ilObjMediaObject.php
A    Services\MediaObjects\classes\class.ilLimitedMediaPlayerGUI.php
A    Services\MediaObjects\templates\default\tpl.limited_media_player.html
A    Services\MediaObjects\templates\default\tpl.limited_media_player_limit_reached.html
U    Services\Style\classes\class.ilStyleImportParser.php
U    Services\Style\classes\class.ilObjStyleSheet.php
U    Services\Style\classes\class.ilObjStyleSheetGUI.php
A    Services\Style\templates\default\tpl.il_custom_css_input.html
A    Services\Style\templates\default\tpl.il_custom_css.html
C    Services\UIComponent\CharSelector\js\ilCharSelector.js
U    Services\UIComponent\CharSelector\classes\class.ilCharSelectorGUI.php
   C Services\UIComponent\CharSelector\templates\default\char_selector_position.css
C    Services\UIComponent\CharSelector\templates\default\tpl.char_selector_panel.html
C    Services\UIComponent\CharSelector\templates\default\char_selector_style.css
A    Services\WebForm
A    Services\WebForm\js
A    Services\WebForm\js\restore_forms.js
A    Services\WebForm\README
A    Services\WebForm\classes
A    Services\WebForm\classes\class.ilWebFormSenderGUI.php
A    Services\WebForm\classes\class.ilWebFormSaving.php
A    Services\WebForm\classes\class.ilWebFormSendingsTableGUI.php
A    Services\WebForm\classes\class.ilWebFormDefinitionsTableGUI.php
A    Services\WebForm\classes\class.htmlparser.php
A    Services\WebForm\classes\class.ilWebFormLoaderGUI.php
A    Services\WebForm\classes\class.ilWebForm.php
A    Services\WebForm\classes\class.ilWebFormSendingsGUI.php
A    Services\WebForm\classes\class.ilWebFormDefinitionsGUI.php
A    Services\WebForm\classes\class.ilWebFormUtils.php
A    Services\WebForm\classes\class.ilWebFormAccess.php
A    Services\WebForm\goto.php
A    Services\WebForm\templates
A    Services\WebForm\templates\default
A    Services\WebForm\templates\default\tpl.list_definitions_row.html
A    Services\WebForm\templates\default\tpl.form_load.html
A    Services\WebForm\templates\default\tpl.list_sendings.html
A    Services\WebForm\templates\default\tpl.list_definitions.html
A    Services\WebForm\templates\default\tpl.form_login.html
A    Services\WebForm\templates\default\tpl.form_sent.html
A    Services\WebForm\templates\default\tpl.list_sendings_row.html
A    Services\WebForm\send.php
A    Services\WebForm\sql
A    Services\WebForm\sql\webform-tables.sql
A    Services\WebForm\lang
A    Services\WebForm\lang\ilias_en_webform.lang
A    Services\WebForm\lang\ilias_de_webform.lang
C    Services\Component\classes\class.ilPluginSlot.php
C    Services\Component\classes\class.ilComponent.php
C    Services\Component\classes\class.ilPlugin.php
C    Services\AccessControl\classes\class.ilRbacReview.php
U    Services\AccessControl\classes\class.ilObjRole.php
U    Services\AccessControl\classes\class.ilAccessHandler.php
U    Services\AccessControl\classes\class.ilRbacSystem.php
U    Services\AccessControl\classes\class.ilObjectRolePermissionTableGUI.php
U    Services\AccessControl\classes\class.ilObjRoleGUI.php
U    Services\AccessControl\classes\class.ilObjectRoleTemplatePermissionTableGUI.php
   C Services\AccessControl\classes\class.ilObjectStatusGUI.php
C    Services\AccessControl\classes\class.ilRbacAdmin.php
U    Services\Captcha\classes\class.ilCaptchaUtil.php
U    Services\Form\classes\class.ilFormPropertyGUI.php
U    Services\Form\templates\default\tpl.property_form.html
A    Services\Evaluation
A    Services\Evaluation\classes
A    Services\Evaluation\classes\class.ilEvaluationData.php
U    Services\Calendar\classes\class.ilCalendarChangedAppointmentsTableGUI.php
U    Services\Calendar\classes\class.ilCalendarCategoryGUI.php
U    Services\Calendar\classes\class.ilPDCalendarBlockGUI.php
U    Services\Calendar\classes\class.ilCalendarCategories.php
U    Services\Calendar\classes\class.ilCalendarCategoryTableGUI.php
U    Services\Calendar\classes\class.ilCalendarSchedule.php
A    Services\Idm
A    Services\Idm\classes
A    Services\Idm\classes\class.ilIdmData.php
U    Services\Registration\classes\class.ilAccountRegistrationGUI.php
U    Services\Utilities\classes\class.ilUtil.php
A    Services\Utilities\classes\class.ilTableExport.php
U    Services\Utilities\classes\class.ilBenchmark.php
U    Services\Utilities\classes\class.ilFileUtils.php
A    Services\Utilities\classes\class.ilSessionValues.php
A    Services\Utilities\templates\default\tpl.progress_form.js
A    Services\Utilities\templates\default\tpl.progress.html
A    Services\Utilities\templates\default\tpl.progress_form.html
A    Services\UnivIS
A    Services\UnivIS\classes
A    Services\UnivIS\classes\class.ilUnivisDepartment.php
A    Services\UnivIS\classes\class.ilUnivisLecture.php
A    Services\UnivIS\classes\class.ilUnivisImportLecturesGUI.php
A    Services\UnivIS\classes\class.ilUnivisPerson.php
A    Services\UnivIS\classes\class.ilUnivisTerm.php
A    Services\UnivIS\classes\class.ilUnivisLocation.php
A    Services\UnivIS\classes\class.ilUnivisRequest.php
A    Services\UnivIS\classes\class.ilUnivisStudy.php
A    Services\UnivIS\classes\class.ilUnivisData.php
A    Services\UnivIS\classes\class.ilUnivisOfficehour.php
A    Services\UnivIS\classes\class.ilUnivisImport.php
A    Services\UnivIS\classes\class.ilUnivisRoom.php
A    Services\UnivIS\classes\class.ilUnivisImportLecturesTableGUI.php
A    Services\UnivIS\classes\class.ilUnivis.php
A    Services\UnivIS\classes\class.ilUnivisImportActionsGUI.php
A    Services\UnivIS\templates
A    Services\UnivIS\templates\default
A    Services\UnivIS\templates\default\tpl.univis_frame_content.html
A    Services\UnivIS\templates\default\tpl.univis_details.html
A    Services\UnivIS\templates\default\tpl.univis_lectures_row.html
A    Services\UnivIS\parser
A    Services\UnivIS\parser\inc.univisdebug.php
A    Services\UnivIS\parser\models
A    Services\UnivIS\parser\models\research_model.php
A    Services\UnivIS\parser\models\room_model.php
A    Services\UnivIS\parser\models\univis_model.php
A    Services\UnivIS\parser\models\thesis_model.php
A    Services\UnivIS\parser\models\model.php
A    Services\UnivIS\parser\models\lecture_model.php
A    Services\UnivIS\parser\models\person_model.php
A    Services\UnivIS\parser\models\org_model.php
A    Services\UnivIS\parser\models\publication_model.php
A    Services\UnivIS\parser\models\job_model.php
A    Services\UnivIS\parser\modules
A    Services\UnivIS\parser\modules\departments_module.php
A    Services\UnivIS\parser\modules\lectures_module.php
A    Services\UnivIS\parser\modules\persons_module.php
A    Services\UnivIS\parser\modules\generic_module.php
A    Services\UnivIS\parser\class.univis2mysql.php
A    Services\UnivIS\parser\parsers
A    Services\UnivIS\parser\parsers\class.univisparser.php
A    Services\UnivIS\parser\sql
A    Services\UnivIS\parser\sql\class.univistablemanager.php
U    Services\Payment\classes\class.ilObjPaymentSettingsGUI.php
U    Services\Skill\classes\class.ilSkillTemplateReferenceGUI.php
U    Services\Skill\classes\class.ilBasicSkillTemplateGUI.php
C    Services\User\classes\class.ilPublicUserProfileGUI.php
U    Services\User\classes\class.ilUserQuery.php
C    Services\User\classes\class.ilObjUser.php
U    Services\User\classes\class.ilUserTableGUI.php
U    Services\User\classes\class.ilUserProfile.php
C    Services\User\classes\class.ilPersonalSettingsGUI.php
U    Services\User\classes\class.ilPersonalProfileGUI.php
U    Services\User\classes\class.ilObjUserFolderGUI.php
U    Services\User\classes\class.ilUserUtil.php
U    Services\User\classes\class.ilObjUserGUI.php
U    Services\User\classes\class.ilUserAutoComplete.php
U    Services\EventHandling\classes\class.ilAppEventHandler.php
C    Services\UICore\classes\class.ilCtrl.php
U    Services\UICore\classes\class.ilTemplate.php
C    Services\UICore\templates\default\tpl.footer.html
U    Services\RTE\classes\class.ilTinyMCE.php
   C Services\RTE\tiny_mce
U    Services\Membership\classes\class.ilObjectCustomUserFieldsGUI.php
U    Services\Membership\classes\class.ilWaitingList.php
U    Services\Membership\classes\class.ilMemberAgreement.php
A    Services\Membership\classes\class.ilSubscribersStudyCondTableGUI.php
U    Services\Membership\classes\class.ilParticipants.php
U    Services\Membership\classes\Export\class.ilMemberExport.php
U    Services\Membership\classes\Export\class.ilMemberExportGUI.php
U    Services\Membership\classes\class.ilAttendanceList.php
A    Services\Membership\classes\class.ilRegistrationPeriodLimiter.php
A    Services\Membership\classes\class.ilWaitingListAdministration.php
U    Services\Membership\classes\class.ilMemberAgreementGUI.php
A    Services\Membership\classes\class.ilSubscribersLot.php
A    Services\Membership\classes\class.ilRegistrationPeriodLimiterGUI.php
U    Services\Membership\classes\class.ilWaitingListTableGUI.php
U    Services\Membership\classes\class.ilParticipant.php
U    Services\Membership\classes\class.ilRegistrationGUI.php
C    Services\Membership\classes\class.ilSubscriberTableGUI.php
A    Services\Membership\classes\class.ilRegistrationPeriodLimiterTableGUI.php
A    Services\Membership\classes\class.ilSubscribersLotTableGUI.php
A    Services\Membership\classes\class.ilSubscribersStudyCond.php
A    Services\Membership\classes\class.ilSubscribersStudyCondGUI.php
A    Services\Membership\templates\default\tpl.list_subscribers_studycond.html
U    Services\Membership\templates\default\tpl.show_subscribers_row.html
A    Services\Membership\templates\default\tpl.rpl_numbers_row.html
A    Services\Membership\templates\default\tpl.show_subscribers_studycond.html
A    Services\Membership\templates\default\tpl.list_subscribers_studycond_row.html
A    Services\Membership\templates\default\tpl.rpl_links_row.html
C    Services\Membership\templates\default\tpl.show_waiting_list_row.html
A    Services\Membership\templates\default\tpl.rpl_period_row.html
A    Services\Membership\templates\default\tpl.show_subscribers_lot_row.html
U    Services\Membership\service.xml
U    Services\TermsOfService\classes\class.ilTermsOfServiceFileSystemDocument.php
U    Services\TermsOfService\classes\class.ilTermsOfServiceRequestTargetAdjustmentCase.php
U    Services\ContainerReference\classes\class.ilContainerReferenceGUI.php
U    Services\Tracking\classes\class.ilLPMarks.php
U    Services\Tracking\classes\repository_statistics\class.ilTrMatrixTableGUI.php
U    Services\Tracking\classes\repository_statistics\class.ilTrObjectUsersPropsTableGUI.php
U    Services\Tracking\classes\repository_statistics\class.ilLPListOfSettingsGUI.php
U    Services\Tracking\classes\class.ilTrQuery.php
C    Services\Tracking\classes\class.ilLPTableBaseGUI.php
U    Services\Tracking\classes\status\class.ilLPStatusSCORM.php
A    Services\Cache\classes\class.ilMemoryCacheFactory.php
A    Services\Cache\classes\class.ilMemoryXCache.php
U    Services\Locator\classes\class.ilLocatorGUI.php
A    Services\AuthShibboleth\classes\class.ilShibbolethStudOn.php
U    Services\AuthShibboleth\classes\class.ilShibboleth.php
 U   Services\AuthShibboleth
U    Services\Search\classes\class.ilSearchGUI.php
U    Services\Search\classes\class.ilSearchResultTableGUI.php
U    Services\Search\classes\class.ilQueryParser.php
U    Services\Search\classes\class.ilSearchAutoComplete.php
U    Services\Search\classes\Lucene\class.ilLuceneSearchGUI.php
U    Services\Search\classes\Lucene\class.ilLucenePathFilter.php
U    Services\Search\classes\class.ilRepositorySearchGUI.php
U    Services\Search\templates\default\tpl.lucene_search.html
U    Services\PermanentLink\classes\class.ilPermanentLinkGUI.php
U    Services\News\classes\class.ilNewsItem.php
C    Services\News\classes\class.ilPDNewsBlockGUI.php
U    Services\News\templates\default\tpl.show_priv_feed_url.html
U    Services\PersonalDesktop\classes\class.ilPersonalDesktopGUI.php
U    Services\PersonalDesktop\classes\class.ilPDSelectedItemsBlockGUI.php
U    Services\Feeds\classes\class.ilObjectFeedWriter.php
U    Services\Feeds\classes\class.ilUserFeedWriter.php
U    Services\Feeds\templates\default\tpl.rss_2_0.xml
U    Services\PEAR\lib\Auth.php
U    Services\PEAR\lib\MDB2.php
U    Services\Radius\classes\class.ilRadiusSettings.php
U    Services\Contact\classes\class.ilAddressbook.php
U    Services\InfoScreen\classes\class.ilInfoScreenGUI.php
U    Services\InfoScreen\templates\default\tpl.infoscreen.html
U    Services\Link\classes\class.ilLink.php
U    Services\COPage\js\ilCOPagePres.js
U    Services\COPage\classes\class.ilPCMediaObjectGUI.php
U    Services\COPage\classes\class.ilPageObject.php
C    Services\COPage\classes\class.ilPageObjectGUI.php
U    Services\COPage\templates\default\tpl.bb_menu.html
U    Services\COPage\templates\default\tpl.tiny_menu.html
C    Services\COPage\xsl\page.xsl
U    Services\COPage\css\content.css
A    Services\Wizard
A    Services\Wizard\classes
A    Services\Wizard\classes\class.ilWizardGUI.php
A    Services\Wizard\templates
A    Services\Wizard\templates\default
A    Services\Wizard\templates\default\tpl.wizard_steps.html
A    Services\Wizard\templates\default\tpl.wizard_page.html
A    Services\StudyData
A    Services\StudyData\classes
A    Services\StudyData\classes\class.ilStudyData.php
A    Services\StudyData\classes\class.ilStudyDataGUI.php
A    Services\StudyData\classes\class.ilStudyExportRequestGUI.php
A    Services\StudyData\classes\class.ilStudyAccess.php
A    Services\StudyData\templates
A    Services\StudyData\templates\default
A    Services\StudyData\templates\default\tpl.export_request.html
A    Services\StudyData\service.xml
U    Services\Init\classes\class.ilIniFile.php
U    Services\Init\classes\class.ilInitialisation.php
U    Services\Init\classes\class.ilPasswordAssistanceGUI.php
C    Services\Init\classes\class.ilStartUpGUI.php
A    Services\Init\classes\class.ilCustomLoginGUI.php
A    Services\Init\classes\class.ilRetryGUI.php
U    Services\Init\classes\class.ilErrorHandling.php
A    Services\Init\templates\default\tpl.infopage.html
A    Services\Init\templates\default\tpl.shib_conversion.html
A    Services\Init\templates\default\tpl.custom_sso.html
A    Services\Init\templates\default\tpl.shib_info.html
C    Services\Init\templates\default\tpl.startup_screen.html
A    Services\Init\templates\default\tpl.retry_page.html
A    Services\Init\templates\default\tpl.custom_login.html
A    Services\Init\templates\default\tpl.custom_login_links.html
A    Services\Init\templates\default\tpl.custom_logout.html
U    Services\PrivacySecurity\classes\class.ilExportFieldsInfo.php
U    Services\PrivacySecurity\classes\class.ilObjPrivacySecurityGUI.php
U    Services\PrivacySecurity\classes\class.ilPrivacySettings.php
U    Services\Object\classes\class.ilObjectListGUIFactory.php
U    Services\Object\classes\class.ilObjectCopyGUI.php
C    Services\Object\classes\class.ilObjectDefinition.php
U    Services\Object\classes\class.ilObject2GUI.php
U    Services\Object\classes\class.ilObject.php
U    Services\Object\classes\class.ilObjectListGUI.php
U    Services\Object\classes\class.ilObjectGUI.php
U    Services\AdvancedEditing\classes\class.ilObjAdvancedEditing.php
U    Services\AdvancedEditing\classes\class.ilObjAdvancedEditingGUI.php
   C Services\jQuery\js\ui_1_10_3
A    Services\jQuery\js\colorbox
A    Services\jQuery\js\colorbox\content
A    Services\jQuery\js\colorbox\content\ajax.html
A    Services\jQuery\js\colorbox\content\marylou.jpg
A    Services\jQuery\js\colorbox\content\daisy.jpg
A    Services\jQuery\js\colorbox\content\homer.jpg
A    Services\jQuery\js\colorbox\content\ohoopee1.jpg
A    Services\jQuery\js\colorbox\content\ohoopee2.jpg
A    Services\jQuery\js\colorbox\content\ohoopee3.jpg
A    Services\jQuery\js\colorbox\content\daisy@2x.jpg
A    Services\jQuery\js\colorbox\README.md
A    Services\jQuery\js\colorbox\example1
A    Services\jQuery\js\colorbox\example1\images
A    Services\jQuery\js\colorbox\example1\images\loading.gif
A    Services\jQuery\js\colorbox\example1\images\overlay.png
A    Services\jQuery\js\colorbox\example1\images\controls.png
A    Services\jQuery\js\colorbox\example1\images\loading_background.png
A    Services\jQuery\js\colorbox\example1\images\border.png
A    Services\jQuery\js\colorbox\example1\index.html
A    Services\jQuery\js\colorbox\example1\colorbox.css
A    Services\jQuery\js\colorbox\colorbox.jquery.json
A    Services\jQuery\js\colorbox\example2
A    Services\jQuery\js\colorbox\example2\colorbox.css
A    Services\jQuery\js\colorbox\example2\images
A    Services\jQuery\js\colorbox\example2\images\loading.gif
A    Services\jQuery\js\colorbox\example2\images\controls.png
A    Services\jQuery\js\colorbox\example2\index.html
A    Services\jQuery\js\colorbox\example3
A    Services\jQuery\js\colorbox\example3\colorbox.css
A    Services\jQuery\js\colorbox\example3\images
A    Services\jQuery\js\colorbox\example3\images\loading.gif
A    Services\jQuery\js\colorbox\example3\images\controls.png
A    Services\jQuery\js\colorbox\example3\index.html
A    Services\jQuery\js\colorbox\colorbox.ai
A    Services\jQuery\js\colorbox\example4
A    Services\jQuery\js\colorbox\example4\images
A    Services\jQuery\js\colorbox\example4\images\border1.png
A    Services\jQuery\js\colorbox\example4\images\loading.gif
A    Services\jQuery\js\colorbox\example4\images\border2.png
A    Services\jQuery\js\colorbox\example4\index.html
A    Services\jQuery\js\colorbox\example4\colorbox.css
A    Services\jQuery\js\colorbox\i18n
A    Services\jQuery\js\colorbox\i18n\jquery.colorbox-id.js
A    Services\jQuery\js\colorbox\i18n\jquery.colorbox-fi.js
A    Services\jQuery\js\colorbox\i18n\jquery.colorbox-ar.js
A    Services\jQuery\js\colorbox\i18n\jquery.colorbox-cs.js
A    Services\jQuery\js\colorbox\i18n\jquery.colorbox-fr.js
A    Services\jQuery\js\colorbox\i18n\jquery.colorbox-es.js
A    Services\jQuery\js\colorbox\i18n\jquery.colorbox-et.js
A    Services\jQuery\js\colorbox\i18n\jquery.colorbox-nl.js
A    Services\jQuery\js\colorbox\i18n\jquery.colorbox-hr.js
A    Services\jQuery\js\colorbox\i18n\jquery.colorbox-pl.js
A    Services\jQuery\js\colorbox\i18n\jquery.colorbox-no.js
A    Services\jQuery\js\colorbox\i18n\jquery.colorbox-hu.js
A    Services\jQuery\js\colorbox\i18n\jquery.colorbox-it.js
A    Services\jQuery\js\colorbox\i18n\jquery.colorbox-kr.js
A    Services\jQuery\js\colorbox\i18n\jquery.colorbox-sk.js
A    Services\jQuery\js\colorbox\i18n\jquery.colorbox-zh-CN.js
A    Services\jQuery\js\colorbox\i18n\jquery.colorbox-ro.js
A    Services\jQuery\js\colorbox\i18n\jquery.colorbox-lv.js
A    Services\jQuery\js\colorbox\i18n\jquery.colorbox-pt-br.js
A    Services\jQuery\js\colorbox\i18n\jquery.colorbox-da.js
A    Services\jQuery\js\colorbox\i18n\jquery.colorbox-tr.js
A    Services\jQuery\js\colorbox\i18n\jquery.colorbox-fa.js
A    Services\jQuery\js\colorbox\i18n\jquery.colorbox-ru.js
A    Services\jQuery\js\colorbox\i18n\jquery.colorbox-de.js
A    Services\jQuery\js\colorbox\i18n\jquery.colorbox-bg.js
A    Services\jQuery\js\colorbox\i18n\jquery.colorbox-sv.js
A    Services\jQuery\js\colorbox\i18n\jquery.colorbox-ja.js
A    Services\jQuery\js\colorbox\example5
A    Services\jQuery\js\colorbox\example5\images
A    Services\jQuery\js\colorbox\example5\images\loading_background.png
A    Services\jQuery\js\colorbox\example5\images\border.png
A    Services\jQuery\js\colorbox\example5\images\loading.gif
A    Services\jQuery\js\colorbox\example5\images\controls.png
A    Services\jQuery\js\colorbox\example5\index.html
A    Services\jQuery\js\colorbox\example5\colorbox.css
A    Services\jQuery\js\colorbox\jquery.colorbox.js
A    Services\jQuery\js\colorbox\jquery.colorbox-min.js
A    Services\jQuery\js\colorbox\bower.json
U    Services\jQuery\classes\class.iljQueryUtil.php
U    Services\Repository\classes\class.ilRepositoryExplorerGUI.php
U    Services\Repository\classes\class.ilRepositoryGUI.php
U    Services\Http\classes\class.ilHTTPS.php
A    Services\WebServices\SOAP\classes\class.ilRemoteIliasClient.php
U    Services\WebServices\ECS\classes\class.ilECSParticipantSettings.php
U    Services\WebServices\ECS\classes\class.ilECSTaskScheduler.php
U    Services\WebServices\ECS\classes\class.ilAuthContainerECS.php
U    Services\WebServices\ECS\classes\class.ilECSSettingsGUI.php
U    Services\Export\classes\class.ilExportGUI.php
C    Services\Language\classes\class.ilLanguage.php
U    Services\Rating\classes\class.ilRatingGUI.php
U    Services\WebAccessChecker\classes\class.ilWebAccessChecker.php
U    Services\PDFGeneration\classes\tcpdf\tcpdf.php
U    Services\QTI\classes\class.ilQTIParser.php
A    Services\MyCampus
A    Services\MyCampus\classes
A    Services\MyCampus\classes\class.ilMyCampusSynchronisation.php
A    Services\MyCampus\classes\class.ilMyCampusClient.php
C    Services\Tree\classes\class.ilMaterializedPathTree.php
U    Services\Tree\classes\class.ilNestedSetTree.php
C    Services\Tree\classes\class.ilTree.php
U    Services\Database\classes\class.ilDBInnoDB.php
U    Services\Database\classes\class.ilDB.php
C    Services\Database\classes\class.ilDBUpdate.php
C    Services\Database\classes\class.ilAuthContainerMDB2.php
U    Services\Database\classes\class.ilDBMySQL.php
U    Services\Database\classes\class.ilDBGenerator.php
U    Services\AdvancedMetaData\classes\class.ilAdvancedMDRecordGUI.php
U    Services\AdvancedMetaData\classes\class.ilAdvancedMDValues.php
U    Services\WebDAV\classes\class.ilObjectDAV.php
U    Services\Notifications\LuceneFileListDataSource.xml
C    Services\MainMenu\classes\class.ilMainMenuGUI.php
C    Services\MainMenu\templates\default\tpl.main_menu.html
C    Services\MainMenu\templates\default\tpl.main_menu_list_entries.html
U    include\inc.debug.php
U    include\inc.ilias_version.php
U    include\inc.header.php
A    include\inc.log_request.php
A    maintenance.html
U    feed.php
C    templates\default\tpl.adm_content.html
C    templates\default\delos.css
A    templates\default\images\HeaderIcon_50.png
A    templates\default\images\pspbrwse.jbf
A    templates\default\images\scorm\pspbrwse.jbf
   C templates\default\images\mm_down_arrow_dark.png
A    templates\default\images\icon_exco_b.png
   C templates\default\images\mm_down_arrow.png
A    templates\default\images\icon_perc.png
A    templates\default\images\layout_win2toc.gif
A    templates\default\images\icon_exco_s.png
   C templates\default\images\ical.png
   C templates\default\images\ic_sidebar_left.png
   C templates\default\images\ilias_logo.png
A    templates\default\images\logo_footer.gif
A    templates\default\images\icon_perc_b.png
A    templates\default\images\studon
A    templates\default\images\studon\fau-studiumonline.gif
A    templates\default\images\studon\HeaderIconHelp.gif
A    templates\default\images\studon\medikursSmall.gif
A    templates\default\images\studon\HeaderBottomBack.png
A    templates\default\images\studon\sso-logo-48x48.png
A    templates\default\images\studon\FooterLogo.gif
A    templates\default\images\studon\meinCampus.png
A    templates\default\images\studon\HeaderBottomBack_dotted.png
A    templates\default\images\studon\TabBottomLine.png
A    templates\default\images\studon\LoginBackground.jpg
A    templates\default\images\studon\HeaderInnerBack.png
A    templates\default\images\studon\mm_back.gif
A    templates\default\images\studon\studon-circle.png
A    templates\default\images\studon\meinCampusSmall.gif
A    templates\default\images\studon\warning_bg.png
A    templates\default\images\studon\help_icon.gif
A    templates\default\images\studon\FooterVerlauf.png
A    templates\default\images\studon\sso-logo-150x150.png
A    templates\default\images\studon\logo_ili.jpg
A    templates\default\images\studon\HeaderIconHome.gif
A    templates\default\images\studon\fau-90x40.png
A    templates\default\images\studon\HeaderIconContact.gif
A    templates\default\images\studon\HeaderMenuBack.png
A    templates\default\images\studon\univis_big.png
A    templates\default\images\studon\HeaderIcon.png
A    templates\default\images\studon\HeaderMenuBack_dotted.png
A    templates\default\images\studon\sso-logo.png
A    templates\default\images\studon\Thumbs.db
A    templates\default\images\studon\FooterBottomBack.png
A    templates\default\images\studon\univis_transp.png
A    templates\default\images\studon\transp.png
A    templates\default\images\studon\FooterBottomBack_dotted.png
A    templates\default\images\studon\FooterLogo_FAU.png
A    templates\default\images\studon\TabInactive.gif
A    templates\default\images\studon\fau-190x40.png
A    templates\default\images\studon\FooterLogo.png
A    templates\default\images\studon\FooterLogoPlain.gif
   C templates\default\images\HeaderIcon.png
A    templates\default\images\icon_exco.png
   C templates\default\images\ic_sidebar_right.png
A    templates\default\images\sso-logo.png
A    templates\default\images\icon_perc_s.png
U    templates\default\template.xml
A    templates\default\tpl.helptext_create.html
C    templates\default\tpl.main.html
C    templates\default\tpl.error.html
U    setup\classes\class.ilClient.php
U    setup\classes\class.ilSetup.php
   C setup\sql\4_4_hotfixes.php
A    setup\sql\dbupdate_custom.php
U    setup\sql\ilDBTemplate.php
U    setup\sql\dbupdate_03.php
U    setup\sql\ilias3.sql
U    cron\classes\class.ilCronCheck.php
U    shib_login.php
A    univis.php
A    repository.php
C    Modules\Scorm2004\scripts\questions\question_handling.js
U    Modules\Scorm2004\classes\class.ilSCORM2004Asset.php
U    Modules\Scorm2004\classes\class.ilObjSCORM2004LearningModuleGUI.php
U    Modules\MediaCast\classes\class.ilObjMediaCastGUI.php
U    Modules\HTMLLearningModule\LuceneObjectDefinition.xml
C    Modules\HTMLLearningModule\classes\class.ilObjFileBasedLMGUI.php
U    Modules\Group\classes\class.ilObjGroup.php
U    Modules\Group\classes\class.ilObjGroupListGUI.php
C    Modules\Group\classes\class.ilGroupParticipantsTableGUI.php
C    Modules\Group\classes\class.ilObjGroupGUI.php
U    Modules\Group\classes\class.ilGroupRegistrationGUI.php
U    Modules\Group\classes\class.ilObjGroupAccess.php
U    Modules\Group\templates\default\tpl.grp_edit_members.html
U    Modules\Group\templates\default\tpl.show_participants_row.html
U    Modules\TestQuestionPool\classes\class.assMatchingQuestion.php
C    Modules\TestQuestionPool\classes\class.assFileUploadGUI.php
U    Modules\TestQuestionPool\classes\class.assErrorText.php
U    Modules\TestQuestionPool\classes\class.ilImageWizardInputGUI.php
U    Modules\TestQuestionPool\classes\import\qti12\class.assMultipleChoiceImport.php
U    Modules\TestQuestionPool\classes\import\qti12\class.assClozeTestImport.php
U    Modules\TestQuestionPool\classes\import\qti12\class.assSingleChoiceImport.php
C    Modules\TestQuestionPool\classes\class.assMultipleChoiceGUI.php
C    Modules\TestQuestionPool\classes\class.assTextQuestion.php
U    Modules\TestQuestionPool\classes\class.ilObjQuestionPoolGUI.php
U    Modules\TestQuestionPool\classes\class.ilSingleChoiceWizardInputGUI.php
U    Modules\TestQuestionPool\classes\export\qti12\class.assClozeTestExport.php
C    Modules\TestQuestionPool\classes\class.assOrderingHorizontalGUI.php
U    Modules\TestQuestionPool\classes\class.ilMultipleChoiceWizardInputGUI.php
U    Modules\TestQuestionPool\classes\class.assSingleChoice.php
C    Modules\TestQuestionPool\classes\class.assJavaAppletGUI.php
U    Modules\TestQuestionPool\classes\class.assMultipleChoice.php
C    Modules\TestQuestionPool\classes\class.assQuestion.php
U    Modules\TestQuestionPool\classes\tables\class.ilQuestionPoolPrintViewTableGUI.php
U    Modules\TestQuestionPool\classes\tables\class.ilQuestionBrowserTableGUI.php
U    Modules\TestQuestionPool\classes\class.ilObjQuestionPool.php
C    Modules\TestQuestionPool\classes\class.assClozeTest.php
U    Modules\TestQuestionPool\classes\class.ilMatchingWizardInputGUI.php
C    Modules\TestQuestionPool\classes\class.assTextQuestionGUI.php
U    Modules\TestQuestionPool\classes\class.ilAnswerWizardInputGUI.php
U    Modules\TestQuestionPool\classes\class.assFlashQuestion.php
C    Modules\TestQuestionPool\classes\class.assFlashQuestionGUI.php
U    Modules\TestQuestionPool\classes\class.ilAssQuestionPageGUI.php
C    Modules\TestQuestionPool\classes\class.assSingleChoiceGUI.php
U    Modules\TestQuestionPool\classes\class.assOrderingQuestion.php
C    Modules\TestQuestionPool\classes\class.assOrderingQuestionGUI.php
C    Modules\TestQuestionPool\classes\class.assNumericGUI.php
U    Modules\TestQuestionPool\classes\class.assImagemapQuestion.php
C    Modules\TestQuestionPool\classes\class.assClozeTestGUI.php
C    Modules\TestQuestionPool\classes\class.assOrderingHorizontal.php
U    Modules\TestQuestionPool\classes\class.assFileUpload.php
C    Modules\TestQuestionPool\classes\class.assMatchingQuestionGUI.php
U    Modules\TestQuestionPool\classes\class.assJavaApplet.php
U    Modules\TestQuestionPool\classes\class.ilAssQuestionList.php
U    Modules\TestQuestionPool\classes\class.ilAssQuestionHintRequestGUI.php
   C Modules\TestQuestionPool\classes\class.ilOrderingTextWizardInputGUI.php
C    Modules\TestQuestionPool\classes\class.assErrorTextGUI.php
U    Modules\TestQuestionPool\classes\class.ilAssQuestionFeedbackEditingGUI.php
U    Modules\TestQuestionPool\classes\class.assQuestionGUI.php
C    Modules\TestQuestionPool\classes\class.assImagemapQuestionGUI.php
C    Modules\TestQuestionPool\classes\class.assTextSubsetGUI.php
U    Modules\TestQuestionPool\templates\default\tpl.il_as_qpl_textsubset_output.html
U    Modules\TestQuestionPool\templates\default\tpl.il_as_qpl_orderinghorizontal_output_solution.html
U    Modules\TestQuestionPool\templates\default\tpl.prop_nestable_value.html
U    Modules\TestQuestionPool\templates\default\tpl.prop_answerwizardinput.html
U    Modules\TestQuestionPool\templates\default\tpl.il_as_qpl_numeric_output.html
U    Modules\TestQuestionPool\templates\default\tpl.il_as_qpl_mc_sr_output.html
U    Modules\TestQuestionPool\templates\default\tpl.il_as_qpl_cloze_question_output.html
C    Modules\TestQuestionPool\templates\default\tpl.il_as_qpl_ordering_output.html
U    Modules\TestQuestionPool\templates\default\tpl.il_as_qpl_text_question_output.html
U    Modules\TestQuestionPool\templates\default\tpl.il_as_qpl_printview_row.html
U    Modules\TestQuestionPool\templates\default\tpl.il_as_qpl_orderinghorizontal_output.html
U    Modules\TestQuestionPool\templates\default\tpl.il_as_qpl_fileupload_output.html
   C Modules\TestQuestionPool\templates\default\tpl.il_as_qpl_matching_output_js.html
U    Modules\TestQuestionPool\templates\default\tpl.prop_matchingwizardinput.html
U    Modules\TestQuestionPool\templates\default\tpl.prop_singlechoicewizardinput.html
C    Modules\TestQuestionPool\templates\default\tpl.il_as_qpl_matching_output.html
U    Modules\TestQuestionPool\templates\default\tpl.il_as_qpl_mc_mr_output.html
U    Modules\TestQuestionPool\templates\default\tpl.il_as_qpl_cloze_question_output_solution.html
U    Modules\TestQuestionPool\templates\default\tpl.il_as_qpl_orderinghorizontal_preview.html
U    Modules\TestQuestionPool\templates\default\tpl.prop_multiplechoicewizardinput.html
U    Modules\TestQuestionPool\templates\default\tpl.il_as_qpl_imagemap_question_output.html
   C Modules\TestQuestionPool\templates\default\tpl.il_as_aggregated_answers_header.html
U    Modules\TestQuestionPool\templates\default\tpl.prop_imagewizardinput.html
   C Modules\TestQuestionPool\templates\default\tpl.prop_textwizardinput.html
C    Modules\TestQuestionPool\templates\default\tpl.il_as_qpl_matching_output_solution.html
C    Modules\TestQuestionPool\templates\default\tpl.il_as_qpl_question_printview.html
 U   Modules\TestQuestionPool
U    Modules\Glossary\classes\class.ilTermListTableGUI.php
U    Modules\Glossary\classes\class.ilPresentationListTableGUI.php
U    Modules\Glossary\classes\class.ilGlossaryImporter.php
U    Modules\Glossary\classes\class.ilGlossaryExporter.php
U    Modules\Glossary\classes\class.ilObjGlossaryGUI.php
U    Modules\Exercise\LuceneObjectDefinition.xml
A    Modules\Exercise\classes\class.ilExCalculateGUI.php
U    Modules\Exercise\classes\class.ilObjExercise.php
U    Modules\Exercise\classes\class.ilExAssignment.php
U    Modules\Exercise\classes\class.ilObjExerciseGUI.php
U    Modules\Exercise\classes\class.ilExerciseMembers.php
U    Modules\Exercise\classes\class.ilAssignmentsTableGUI.php
U    Modules\Exercise\classes\class.ilExGradesTableGUI.php
U    Modules\Exercise\classes\class.ilExParticipantTableGUI.php
A    Modules\Exercise\classes\class.ilExCalculate.php
U    Modules\Exercise\templates\default\tpl.exc_grades_row.html
U    Modules\Folder\classes\class.ilObjFolderGUI.php
U    Modules\Category\classes\class.ilObjCategoryGUI.php
U    Modules\Category\classes\class.ilObjCategory.php
U    Modules\File\LuceneObjectDefinition.xml
U    Modules\File\classes\class.ilObjFileGUI.php
U    Modules\File\LuceneFileListDataSource.xml
U    Modules\RootFolder\classes\class.ilObjRootFolderGUI.php
U    Modules\SurveyQuestionPool\classes\class.ilObjSurveyQuestionPoolGUI.php
U    Modules\SurveyQuestionPool\classes\class.SurveyQuestion.php
U    Modules\SurveyQuestionPool\classes\class.SurveyQuestionGUI.php
U    Modules\SurveyQuestionPool\classes\class.SurveySingleChoiceQuestionGUI.php
U    Modules\SurveyQuestionPool\classes\class.SurveyMatrixQuestionGUI.php
U    Modules\SurveyQuestionPool\classes\class.SurveyMultipleChoiceQuestionGUI.php
U    Modules\SurveyQuestionPool\templates\default\tpl.il_svy_out_text.html
U    Modules\SurveyQuestionPool\templates\default\tpl.il_svy_out_mc.html
C    Modules\SurveyQuestionPool\templates\default\tpl.il_svy_out_sc.html
U    Modules\Test\classes\class.ilObjAssessmentFolder.php
A    Modules\Test\classes\class.ilTestMyCampusTools.php
U    Modules\Test\classes\class.ilTestSession.php
U    Modules\Test\classes\class.ilObjTestAccess.php
A    Modules\Test\classes\class.ilTestMyCampusGUI.php
U    Modules\Test\classes\class.ilTestScoringGUI.php
C    Modules\Test\classes\class.ilObjTest.php
U    Modules\Test\classes\class.ilTestEvaluationGUI.php
C    Modules\Test\classes\class.ilTestPlayerAbstractGUI.php
U    Modules\Test\classes\class.ilTestExportGUI.php
U    Modules\Test\classes\class.ilObjTestSettingsGeneralGUI.php
C    Modules\Test\classes\class.ilTestOutputGUI.php
U    Modules\Test\classes\class.ilTestSequence.php
U    Modules\Test\classes\class.ilTestPlayerDynamicQuestionSetGUI.php
C    Modules\Test\classes\class.ilObjTestGUI.php
U    Modules\Test\classes\class.ilTestSequenceDynamicQuestionSet.php
U    Modules\Test\classes\class.ilTestExpressPageObjectGUI.php
C    Modules\Test\classes\tables\class.ilTestQuestionBrowserTableGUI.php
U    Modules\Test\classes\tables\class.ilTestExportTableGUI.php
U    Modules\Test\classes\tables\class.ilTestFixedParticipantsTableGUI.php
U    Modules\Test\classes\tables\class.ilResultsByQuestionTableGUI.php
U    Modules\Test\classes\tables\class.ilTestQuestionsTableGUI.php
U    Modules\Test\classes\tables\class.ilTestParticipantsTableGUI.php
U    Modules\Test\classes\class.assMarkSchema.php
U    Modules\Test\classes\class.ilTestResultsImportParser.php
U    Modules\Test\classes\class.ilTestExport.php
U    Modules\Test\classes\class.ilObjAssessmentFolderGUI.php
C    Modules\Test\classes\class.ilTestServiceGUI.php
U    Modules\Test\templates\default\tpl.table_results_by_question_row.html
U    Modules\Test\templates\default\ta.css
C    Modules\Test\templates\default\tpl.il_as_tst_print_test_confirm.html
C    Modules\Test\templates\default\tpl.il_as_tst_final_statement.html
U    Modules\Test\templates\default\tpl.il_as_tst_output.html
U    Modules\Test\templates\default\test_print.css
 U   Modules\Test
U    Modules\BookingManager\classes\class.ilBookingReservation.php
U    Modules\BookingManager\classes\class.ilBookingReservationsTableGUI.php
U    Modules\BookingManager\classes\class.ilScheduleInputGUI.php
U    Modules\BookingManager\classes\class.ilObjBookingPoolGUI.php
U    Modules\Session\classes\class.ilObjSessionAccess.php
U    Modules\Session\classes\class.ilEventParticipants.php
C    Modules\Session\classes\class.ilObjSession.php
C    Modules\Session\classes\class.ilSessionOverviewGUI.php
U    Modules\Session\classes\class.ilObjSessionListGUI.php
C    Modules\Session\classes\class.ilObjSessionGUI.php
U    Modules\Session\templates\default\tpl.sess_list.html
U    Modules\Forum\classes\class.ilObjForum.php
U    Modules\Forum\classes\class.ilObjForumListGUI.php
U    Modules\Forum\classes\class.ilForum.php
U    Modules\Forum\classes\class.ilObjForumGUI.php
U    Modules\WorkspaceFolder\classes\class.ilObjWorkspaceFolderTableGUI.php
C    Modules\Survey\classes\class.ilObjSurvey.php
C    Modules\Survey\classes\class.ilObjSurveyGUI.php
U    Modules\Survey\classes\class.ilSurveyExport.php
U    Modules\Survey\classes\class.ilSurveyPageGUI.php
C    Modules\Survey\classes\class.ilSurveyExecutionGUI.php
C    Modules\Survey\templates\default\tpl.il_svy_svy_content.html
A    Modules\Survey\templates\default\survey_form.css
U    Modules\Course\classes\class.ilObjCourseAccess.php
U    Modules\Course\classes\class.ilCourseXMLWriter.php
U    Modules\Course\classes\class.ilObjCourse.php
U    Modules\Course\classes\class.ilCourseParticipant.php
C    Modules\Course\classes\class.ilCourseRegistrationGUI.php
U    Modules\Course\classes\class.ilObjCourseGrouping.php
U    Modules\Course\classes\class.ilObjCourseGroupingGUI.php
C    Modules\Course\classes\class.ilCourseParticipants.php
U    Modules\Course\classes\class.ilCourseMembershipMailNotification.php
U    Modules\Course\classes\class.ilCourseGroupingTableGUI.php
U    Modules\Course\classes\class.ilObjCourseListGUI.php
U    Modules\Course\classes\class.ilCourseConstants.php
U    Modules\Course\classes\class.ilCourseXMLParser.php
U    Modules\Course\classes\class.ilCourseParticipantsTableGUI.php
C    Modules\Course\classes\class.ilObjCourseGUI.php
U    Modules\Course\templates\default\tpl.groupings.html
A    Modules\Course\templates\default\tpl.crs_event_info.html
C    Modules\Course\templates\default\tpl.crs_edit_members.html
U    Modules\Course\templates\default\tpl.member_export.html
U    Modules\ScormAicc\classes\HACP\class.ilHACPResponse.php
U    Modules\ScormAicc\classes\class.ilObjSAHSLearningModule.php
U    Modules\Wiki\LuceneObjectDefinition.xml
U    Modules\Wiki\classes\class.ilObjWiki.php
U    Modules\Wiki\classes\class.ilWikiContributorsTableGUI.php
U    Modules\Wiki\classes\class.ilWikiPage.php
U    Modules\Wiki\classes\class.ilWikiUtil.php
U    Modules\Wiki\classes\class.ilObjWikiGUI.php
U    Modules\Wiki\classes\class.ilWikiPageGUI.php
U    Modules\Wiki\classes\class.ilWikiSearchBlockGUI.php
U    Modules\Wiki\classes\class.ilWikiFunctionsBlockGUI.php
U    Modules\Wiki\templates\default\tpl.wiki_search_block.html
U    Modules\Wiki\templates\default\tpl.table_row_contributors.html
U    Modules\LearningModule\classes\class.ilLMPageObject.php
U    Modules\LearningModule\classes\class.ilObjContentObject.php
U    Modules\LearningModule\classes\class.ilLMExplorerGUI.php
C    Modules\LearningModule\classes\class.ilLMPresentationGUI.php
U    Modules\LearningModule\classes\class.ilContObjParser.php
U    Modules\LearningModule\classes\class.ilObjContentObjectGUI.php
U    Modules\LearningModule\classes\class.ilLMEditorExplorerGUI.php
A    Modules\LearningModule\templates\default\tpl.page_website.html
U    Modules\LearningModule\templates\default\tpl.page.html
A    Modules\LearningModule\layouts\lm\website
A    Modules\LearningModule\layouts\lm\website\fullscreen.xml
A    Modules\LearningModule\layouts\lm\website\main.xml
A    Modules\LearningModule\layouts\lm\win2toc
A    Modules\LearningModule\layouts\lm\win2toc\fullscreen.xml
A    Modules\LearningModule\layouts\lm\win2toc\main.xml
U    Modules\ExternalFeed\classes\class.ilObjExternalFeedGUI.php
U    Modules\ItemGroup\classes\class.ilItemGroupItems.php
U    Modules\Chatroom\classes\class.ilObjChatroom.php
U    Modules\Portfolio\classes\class.ilPortfolioTableGUI.php
C    Modules\SystemFolder\classes\class.ilObjSystemFolder.php
U    Modules\SystemFolder\classes\class.ilObjSystemFolderGUI.php
U    Modules\SystemFolder\classes\class.ilBenchmarkTableGUI.php
U    Modules\SystemFolder\templates\default\tpl.db_bench.html
U    Modules\Blog\classes\class.ilBlogPostingGUI.php
U    Modules\Blog\classes\class.ilObjBlog.php
U    Modules\WebResource\classes\class.ilObjLinkResourceAccess.php
U    Modules\WebResource\classes\class.ilParameterAppender.php
U    Modules\WebResource\classes\class.ilObjLinkResourceGUI.php
U    Modules\WebResource\classes\class.ilLinkResourceItems.php
U    Modules\WebResource\classes\class.ilWebResourceEditableLinkTableGUI.php
U    Modules\WebResource\templates\default\tpl.webr_editable_link_row.html
A    ilias.merge.log
U    docs\INSTALL
A    docs\merge_studon_into_4.4.4.log
U    privfeed.php
U    favicon.ico
U    login.php
U    goto.php
A    vhblogin.php
U    webservice\soap\server.php
U    webservice\soap\classes\class.ilNusoapUserAdministrationAdapter.php
A    webservice\soap\classes\class.ilSoapStudOnAdministration.php
U    webservice\soap\classes\class.ilSoapUtils.php
U    webservice\soap\include\inc.soap_functions.php
A    Customizing\Vhb
A    Customizing\Vhb\classes
A    Customizing\Vhb\classes\class.ilVhbAuth.php
A    Customizing\Vhb\classes\class.ilVhbAdmin.php
A    Customizing\Vhb\templates
A    Customizing\Vhb\templates\default
A    Customizing\Vhb\templates\default\tpl.manu_login.html
A    Customizing\global
A    Customizing\global\lang
A    Customizing\global\lang\ilias_de_exam.lang
A    Customizing\global\lang\ilias_de_dev_additions.lang
A    Customizing\global\lang\ilias_en_dev_changes.lang
A    Customizing\global\lang\ilias_de_dev_changes.lang
A    Customizing\global\lang\ilias_en_dev_additions.lang
A    Customizing\global\plugins
A    Customizing\global\plugins\Services
A    Customizing\global\plugins\Services\Repository
A    Customizing\global\plugins\Services\Repository\RepositoryObject
A    Customizing\global\plugins\Services\Repository\RepositoryObject\EtherpadLite
A    Customizing\global\plugins\Services\Repository\RepositoryObject\EtherpadLite\README.md
A    Customizing\global\plugins\Services\Repository\RepositoryObject\EtherpadLite\js
A    Customizing\global\plugins\Services\Repository\RepositoryObject\EtherpadLite\js\ilEtherpadLite.js
A    Customizing\global\plugins\Services\Repository\RepositoryObject\EtherpadLite\classes
A    Customizing\global\plugins\Services\Repository\RepositoryObject\EtherpadLite\classes\class.ilObjEtherpadLiteAccess.php
A    Customizing\global\plugins\Services\Repository\RepositoryObject\EtherpadLite\classes\class.ilEtherpadLitePlugin.php
A    Customizing\global\plugins\Services\Repository\RepositoryObject\EtherpadLite\classes\class.ilObjEtherpadLiteGUI.php
A    Customizing\global\plugins\Services\Repository\RepositoryObject\EtherpadLite\classes\class.ilEtherpadLiteConfig.php
A    Customizing\global\plugins\Services\Repository\RepositoryObject\EtherpadLite\classes\class.ilEtherpadLiteConfigGUI.php
A    Customizing\global\plugins\Services\Repository\RepositoryObject\EtherpadLite\classes\class.ilObjEtherpadLite.php
A    Customizing\global\plugins\Services\Repository\RepositoryObject\EtherpadLite\classes\class.ilObjEtherpadLiteListGUI.php
A    Customizing\global\plugins\Services\Repository\RepositoryObject\EtherpadLite\templates
A    Customizing\global\plugins\Services\Repository\RepositoryObject\EtherpadLite\templates\css
A    Customizing\global\plugins\Services\Repository\RepositoryObject\EtherpadLite\templates\css\etherpad.css
A    Customizing\global\plugins\Services\Repository\RepositoryObject\EtherpadLite\templates\css\ui-lightness
A    Customizing\global\plugins\Services\Repository\RepositoryObject\EtherpadLite\templates\css\ui-lightness\jquery-ui-1.8.16.custom.css
A    Customizing\global\plugins\Services\Repository\RepositoryObject\EtherpadLite\templates\css\ui-lightness\images
A    Customizing\global\plugins\Services\Repository\RepositoryObject\EtherpadLite\templates\css\ui-lightness\images\ui-bg_glass_100_f6f6f6_1x400.png
A    Customizing\global\plugins\Services\Repository\RepositoryObject\EtherpadLite\templates\css\ui-lightness\images\ui-icons_222222_256x240.png
A    Customizing\global\plugins\Services\Repository\RepositoryObject\EtherpadLite\templates\css\ui-lightness\images\ui-bg_gloss-wave_35_f6a828_500x100.png
A    Customizing\global\plugins\Services\Repository\RepositoryObject\EtherpadLite\templates\css\ui-lightness\images\ui-icons_ef8c08_256x240.png
A    Customizing\global\plugins\Services\Repository\RepositoryObject\EtherpadLite\templates\css\ui-lightness\images\ui-bg_diagonals-thick_18_b81900_40x40.png
A    Customizing\global\plugins\Services\Repository\RepositoryObject\EtherpadLite\templates\css\ui-lightness\images\ui-bg_highlight-soft_75_ffe45c_1x100.png
A    Customizing\global\plugins\Services\Repository\RepositoryObject\EtherpadLite\templates\css\ui-lightness\images\ui-icons_ffffff_256x240.png
A    Customizing\global\plugins\Services\Repository\RepositoryObject\EtherpadLite\templates\css\ui-lightness\images\ui-bg_flat_10_000000_40x100.png
A    Customizing\global\plugins\Services\Repository\RepositoryObject\EtherpadLite\templates\css\ui-lightness\images\ui-bg_glass_100_fdf5ce_1x400.png
A    Customizing\global\plugins\Services\Repository\RepositoryObject\EtherpadLite\templates\css\ui-lightness\images\ui-bg_glass_65_ffffff_1x400.png
A    Customizing\global\plugins\Services\Repository\RepositoryObject\EtherpadLite\templates\css\ui-lightness\images\ui-bg_diagonals-thick_20_666666_40x40.png
A    Customizing\global\plugins\Services\Repository\RepositoryObject\EtherpadLite\templates\css\ui-lightness\images\ui-icons_228ef1_256x240.png
A    Customizing\global\plugins\Services\Repository\RepositoryObject\EtherpadLite\templates\css\ui-lightness\images\ui-bg_highlight-soft_100_eeeeee_1x100.png
A    Customizing\global\plugins\Services\Repository\RepositoryObject\EtherpadLite\templates\css\ui-lightness\images\ui-icons_ffd27a_256x240.png
A    Customizing\global\plugins\Services\Repository\RepositoryObject\EtherpadLite\templates\default
A    Customizing\global\plugins\Services\Repository\RepositoryObject\EtherpadLite\templates\default\tpl.pad.html
A    Customizing\global\plugins\Services\Repository\RepositoryObject\EtherpadLite\templates\images
A    Customizing\global\plugins\Services\Repository\RepositoryObject\EtherpadLite\templates\images\fullscreen_gr.png
A    Customizing\global\plugins\Services\Repository\RepositoryObject\EtherpadLite\templates\images\icon_xpdl.png
A    Customizing\global\plugins\Services\Repository\RepositoryObject\EtherpadLite\templates\images\icon_xpdl_b.png
A    Customizing\global\plugins\Services\Repository\RepositoryObject\EtherpadLite\templates\images\icon_xpdl_s.png
A    Customizing\global\plugins\Services\Repository\RepositoryObject\EtherpadLite\templates\images\fullscreen_exit_gr.png
A    Customizing\global\plugins\Services\Repository\RepositoryObject\EtherpadLite\pad.js.sample
A    Customizing\global\plugins\Services\Repository\RepositoryObject\EtherpadLite\sql
A    Customizing\global\plugins\Services\Repository\RepositoryObject\EtherpadLite\sql\dbupdate.php
A    Customizing\global\plugins\Services\Repository\RepositoryObject\EtherpadLite\lang
A    Customizing\global\plugins\Services\Repository\RepositoryObject\EtherpadLite\lang\ilias_en.lang
A    Customizing\global\plugins\Services\Repository\RepositoryObject\EtherpadLite\lang\ilias_de.lang
A    Customizing\global\plugins\Services\Repository\RepositoryObject\EtherpadLite\LICENSE
A    Customizing\global\plugins\Services\Repository\RepositoryObject\EtherpadLite\plugin.php
A    Customizing\global\plugins\Services\Repository\RepositoryObject\EtherpadLite\.gitignore
A    Customizing\global\plugins\Services\Repository\RepositoryObject\EtherpadLite\libs
A    Customizing\global\plugins\Services\Repository\RepositoryObject\EtherpadLite\libs\etherpad-lite-client
A    Customizing\global\plugins\Services\Repository\RepositoryObject\EtherpadLite\libs\etherpad-lite-client\README.md
A    Customizing\global\plugins\Services\Repository\RepositoryObject\EtherpadLite\libs\etherpad-lite-client\example_big.php
A    Customizing\global\plugins\Services\Repository\RepositoryObject\EtherpadLite\libs\etherpad-lite-client\examples.php
A    Customizing\global\plugins\Services\Repository\RepositoryObject\EtherpadLite\libs\etherpad-lite-client\etherpad-lite-client.php
A    Customizing\global\plugins\Services\Repository\RepositoryObject\Flashcards
A    Customizing\global\plugins\Services\Repository\RepositoryObject\Flashcards\README
A    Customizing\global\plugins\Services\Repository\RepositoryObject\Flashcards\classes
A    Customizing\global\plugins\Services\Repository\RepositoryObject\Flashcards\classes\class.ilFlashcard.php
A    Customizing\global\plugins\Services\Repository\RepositoryObject\Flashcards\classes\class.ilObjFlashcardsAccess.php
A    Customizing\global\plugins\Services\Repository\RepositoryObject\Flashcards\classes\class.ilFlashcardsPlugin.php
A    Customizing\global\plugins\Services\Repository\RepositoryObject\Flashcards\classes\class.ilGlossarySelectorInputGUI.php
A    Customizing\global\plugins\Services\Repository\RepositoryObject\Flashcards\classes\class.ilObjFlashcardsGUI.php
A    Customizing\global\plugins\Services\Repository\RepositoryObject\Flashcards\classes\class.ilFlashcardsTrainingGUI.php
A    Customizing\global\plugins\Services\Repository\RepositoryObject\Flashcards\classes\class.ilFlashcardGUI.php
A    Customizing\global\plugins\Services\Repository\RepositoryObject\Flashcards\classes\class.ilFlashcardUsage.php
A    Customizing\global\plugins\Services\Repository\RepositoryObject\Flashcards\classes\Leitner
A    Customizing\global\plugins\Services\Repository\RepositoryObject\Flashcards\classes\Leitner\class.ilLeitnerTrainingGUI.php
A    Customizing\global\plugins\Services\Repository\RepositoryObject\Flashcards\classes\Leitner\class.ilLeitnerTraining.php
A    Customizing\global\plugins\Services\Repository\RepositoryObject\Flashcards\classes\Leitner\class.ilLeitnerTableGUI.php
A    Customizing\global\plugins\Services\Repository\RepositoryObject\Flashcards\classes\class.ilFlashcardsAppEventListener.php
A    Customizing\global\plugins\Services\Repository\RepositoryObject\Flashcards\classes\class.ilFlashcardsConfigGUI.php
A    Customizing\global\plugins\Services\Repository\RepositoryObject\Flashcards\classes\class.ilObjFlashcards.php
A    Customizing\global\plugins\Services\Repository\RepositoryObject\Flashcards\classes\class.ilFlashcardsTraining.php
A    Customizing\global\plugins\Services\Repository\RepositoryObject\Flashcards\classes\class.ilObjFlashcardsListGUI.php
A    Customizing\global\plugins\Services\Repository\RepositoryObject\Flashcards\templates
A    Customizing\global\plugins\Services\Repository\RepositoryObject\Flashcards\templates\tpl.leitner_overview.html
A    Customizing\global\plugins\Services\Repository\RepositoryObject\Flashcards\templates\flashcards.css
A    Customizing\global\plugins\Services\Repository\RepositoryObject\Flashcards\templates\default
A    Customizing\global\plugins\Services\Repository\RepositoryObject\Flashcards\templates\default\tpl.leitner_table_row.html
A    Customizing\global\plugins\Services\Repository\RepositoryObject\Flashcards\templates\default\tpl.prop_glos_select.html
A    Customizing\global\plugins\Services\Repository\RepositoryObject\Flashcards\templates\images
A    Customizing\global\plugins\Services\Repository\RepositoryObject\Flashcards\templates\images\icon_xflc.png
A    Customizing\global\plugins\Services\Repository\RepositoryObject\Flashcards\templates\images\icon_xflc_b.png
A    Customizing\global\plugins\Services\Repository\RepositoryObject\Flashcards\templates\images\icon_xflc_s.png
A    Customizing\global\plugins\Services\Repository\RepositoryObject\Flashcards\templates\images\clock.png
A    Customizing\global\plugins\Services\Repository\RepositoryObject\Flashcards\templates\tpl.training_show_card.html
A    Customizing\global\plugins\Services\Repository\RepositoryObject\Flashcards\sql
A    Customizing\global\plugins\Services\Repository\RepositoryObject\Flashcards\sql\dbupdate.php
A    Customizing\global\plugins\Services\Repository\RepositoryObject\Flashcards\lang
A    Customizing\global\plugins\Services\Repository\RepositoryObject\Flashcards\lang\ilias_en.lang
A    Customizing\global\plugins\Services\Repository\RepositoryObject\Flashcards\lang\ilias_de.lang
A    Customizing\global\plugins\Services\Repository\RepositoryObject\Flashcards\LICENSE
A    Customizing\global\plugins\Services\Repository\RepositoryObject\Flashcards\plugin.php
A    Customizing\global\plugins\Services\Repository\RepositoryObject\Flashcards\docs
A    Customizing\global\plugins\Services\Repository\RepositoryObject\Flashcards\docs\FlashCardsPlugin.class.violet
A    Customizing\global\plugins\Services\Repository\RepositoryObject\ExternalContent
A    Customizing\global\plugins\Services\Repository\RepositoryObject\ExternalContent\lib
A    Customizing\global\plugins\Services\Repository\RepositoryObject\ExternalContent\lib\OAuth.php
A    Customizing\global\plugins\Services\Repository\RepositoryObject\ExternalContent\tryout
A    Customizing\global\plugins\Services\Repository\RepositoryObject\ExternalContent\tryout\try_callback.php
A    Customizing\global\plugins\Services\Repository\RepositoryObject\ExternalContent\tryout\try_event.php
A    Customizing\global\plugins\Services\Repository\RepositoryObject\ExternalContent\docs
A    Customizing\global\plugins\Services\Repository\RepositoryObject\ExternalContent\docs\Manual.pdf
A    Customizing\global\plugins\Services\Repository\RepositoryObject\ExternalContent\event_log.php
A    Customizing\global\plugins\Services\Repository\RepositoryObject\ExternalContent\README
A    Customizing\global\plugins\Services\Repository\RepositoryObject\ExternalContent\classes
A    Customizing\global\plugins\Services\Repository\RepositoryObject\ExternalContent\classes\class.ilExternalContentLogGUI.php
A    Customizing\global\plugins\Services\Repository\RepositoryObject\ExternalContent\classes\class.ilExternalContentConfigLog.php
A    Customizing\global\plugins\Services\Repository\RepositoryObject\ExternalContent\classes\class.ilExternalContentFunctions.php
A    Customizing\global\plugins\Services\Repository\RepositoryObject\ExternalContent\classes\class.ilExternalContentEncodings.php
A    Customizing\global\plugins\Services\Repository\RepositoryObject\ExternalContent\classes\class.ilExternalContentConfigGUI.php
A    Customizing\global\plugins\Services\Repository\RepositoryObject\ExternalContent\classes\class.ilObjExternalContent.php
A    Customizing\global\plugins\Services\Repository\RepositoryObject\ExternalContent\classes\class.ilObjExternalContentListGUI.php
A    Customizing\global\plugins\Services\Repository\RepositoryObject\ExternalContent\classes\class.ilObjExternalContentAccess.php
A    Customizing\global\plugins\Services\Repository\RepositoryObject\ExternalContent\classes\class.ilExternalContentLogTableGUI.php
A    Customizing\global\plugins\Services\Repository\RepositoryObject\ExternalContent\classes\class.ilExternalContentPlugin.php
A    Customizing\global\plugins\Services\Repository\RepositoryObject\ExternalContent\classes\class.ilObjExternalContentGUI.php
A    Customizing\global\plugins\Services\Repository\RepositoryObject\ExternalContent\classes\class.ilExternalContentModel.php
A    Customizing\global\plugins\Services\Repository\RepositoryObject\ExternalContent\classes\class.ilExternalContentLog.php
A    Customizing\global\plugins\Services\Repository\RepositoryObject\ExternalContent\classes\class.ilExternalContentType.php
A    Customizing\global\plugins\Services\Repository\RepositoryObject\ExternalContent\classes\class.ilExternalContentTypesTableGUI.php
A    Customizing\global\plugins\Services\Repository\RepositoryObject\ExternalContent\templates
A    Customizing\global\plugins\Services\Repository\RepositoryObject\ExternalContent\templates\default
A    Customizing\global\plugins\Services\Repository\RepositoryObject\ExternalContent\templates\default\tpl.edit_xml.html
A    Customizing\global\plugins\Services\Repository\RepositoryObject\ExternalContent\templates\default\tpl.xxco_log_row.html
A    Customizing\global\plugins\Services\Repository\RepositoryObject\ExternalContent\templates\default\reserve
A    Customizing\global\plugins\Services\Repository\RepositoryObject\ExternalContent\templates\default\reserve\tpl.xxco_log_row.html
A    Customizing\global\plugins\Services\Repository\RepositoryObject\ExternalContent\templates\default\tpl.types_row.html
A    Customizing\global\plugins\Services\Repository\RepositoryObject\ExternalContent\templates\images
A    Customizing\global\plugins\Services\Repository\RepositoryObject\ExternalContent\templates\images\icon_xxco.png
A    Customizing\global\plugins\Services\Repository\RepositoryObject\ExternalContent\templates\images\icon_xxco_b.png
A    Customizing\global\plugins\Services\Repository\RepositoryObject\ExternalContent\templates\images\icon_xxco_s.png
A    Customizing\global\plugins\Services\Repository\RepositoryObject\ExternalContent\sql
A    Customizing\global\plugins\Services\Repository\RepositoryObject\ExternalContent\sql\dbupdate.php
A    Customizing\global\plugins\Services\Repository\RepositoryObject\ExternalContent\lang
A    Customizing\global\plugins\Services\Repository\RepositoryObject\ExternalContent\lang\ilias_en.lang
A    Customizing\global\plugins\Services\Repository\RepositoryObject\ExternalContent\lang\ilias_de.lang
A    Customizing\global\plugins\Services\Repository\RepositoryObject\ExternalContent\LICENSE
A    Customizing\global\plugins\Services\Repository\RepositoryObject\ExternalContent\callback.php
A    Customizing\global\plugins\Services\Repository\RepositoryObject\ExternalContent\models
A    Customizing\global\plugins\Services\Repository\RepositoryObject\ExternalContent\models\lti_1_0_english
A    Customizing\global\plugins\Services\Repository\RepositoryObject\ExternalContent\models\lti_1_0_english\interface.xml
A    Customizing\global\plugins\Services\Repository\RepositoryObject\ExternalContent\models\lti_1_0_german
A    Customizing\global\plugins\Services\Repository\RepositoryObject\ExternalContent\models\lti_1_0_german\interface.xml
A    Customizing\global\plugins\Services\Repository\RepositoryObject\ExternalContent\models\youtube_example
A    Customizing\global\plugins\Services\Repository\RepositoryObject\ExternalContent\models\youtube_example\interface.xml
A    Customizing\global\plugins\Services\Repository\RepositoryObject\ExternalContent\plugin.php
A    Customizing\global\plugins\Services\Repository\RepositoryObject\EvaluationManager
A    Customizing\global\plugins\Services\Repository\RepositoryObject\EvaluationManager\classes
A    Customizing\global\plugins\Services\Repository\RepositoryObject\EvaluationManager\classes\class.ilEvaluationManagerPlugin.php
A    Customizing\global\plugins\Services\Repository\RepositoryObject\EvaluationManager\classes\model
A    Customizing\global\plugins\Services\Repository\RepositoryObject\EvaluationManager\classes\model\class.ilObjEvaluationManagerFilter.php
A    Customizing\global\plugins\Services\Repository\RepositoryObject\EvaluationManager\classes\model\abstract
A    Customizing\global\plugins\Services\Repository\RepositoryObject\EvaluationManager\classes\model\abstract\class.ilObjKeyword.php
A    Customizing\global\plugins\Services\Repository\RepositoryObject\EvaluationManager\classes\model\abstract\class.ilObjEvaluation.php
A    Customizing\global\plugins\Services\Repository\RepositoryObject\EvaluationManager\classes\model\abstract\class.ilObjAssignment.php
A    Customizing\global\plugins\Services\Repository\RepositoryObject\EvaluationManager\classes\model\lecture
A    Customizing\global\plugins\Services\Repository\RepositoryObject\EvaluationManager\classes\model\lecture\class.ilObjLecture.php
A    Customizing\global\plugins\Services\Repository\RepositoryObject\EvaluationManager\classes\model\lecture\class.ilObjLectureKeyword.php
A    Customizing\global\plugins\Services\Repository\RepositoryObject\EvaluationManager\classes\model\lecture\class.ilObjLectureAssignment.php
A    Customizing\global\plugins\Services\Repository\RepositoryObject\EvaluationManager\classes\model\module
A    Customizing\global\plugins\Services\Repository\RepositoryObject\EvaluationManager\classes\model\module\class.ilObjModule.php
A    Customizing\global\plugins\Services\Repository\RepositoryObject\EvaluationManager\classes\model\module\class.ilObjModuleKeyword.php
A    Customizing\global\plugins\Services\Repository\RepositoryObject\EvaluationManager\classes\model\module\class.ilObjModuleAssignment.php
A    Customizing\global\plugins\Services\Repository\RepositoryObject\EvaluationManager\classes\model\class.ilEvaluationManagerOverview.php
A    Customizing\global\plugins\Services\Repository\RepositoryObject\EvaluationManager\classes\class.ilObjEvaluationManagerGUI.php
A    Customizing\global\plugins\Services\Repository\RepositoryObject\EvaluationManager\classes\export
A    Customizing\global\plugins\Services\Repository\RepositoryObject\EvaluationManager\classes\export\class.ilObjEvaluationManagerExportEvaSys.php
A    Customizing\global\plugins\Services\Repository\RepositoryObject\EvaluationManager\classes\export\class.ilObjEvaluationManagerExportCSV.php
A    Customizing\global\plugins\Services\Repository\RepositoryObject\EvaluationManager\classes\table_classes
A    Customizing\global\plugins\Services\Repository\RepositoryObject\EvaluationManager\classes\table_classes\class.ilEvaluationManagerTableOverviewGUI.php
A    Customizing\global\plugins\Services\Repository\RepositoryObject\EvaluationManager\classes\table_classes\class.ilEvaluationManagerTableShowEntriesGUI.php
A    Customizing\global\plugins\Services\Repository\RepositoryObject\EvaluationManager\classes\table_classes\class.ilEvaluationManagerTableAssignmentsGUI.php
A    Customizing\global\plugins\Services\Repository\RepositoryObject\EvaluationManager\classes\table_classes\class.ilEvaluationManagerTableEvaSysExportGUI.php
A    Customizing\global\plugins\Services\Repository\RepositoryObject\EvaluationManager\classes\forms
A    Customizing\global\plugins\Services\Repository\RepositoryObject\EvaluationManager\classes\forms\class.ilObjEvaluationManagerForms.php
A    Customizing\global\plugins\Services\Repository\RepositoryObject\EvaluationManager\classes\class.ilObjModuleAssignment.php
A    Customizing\global\plugins\Services\Repository\RepositoryObject\EvaluationManager\classes\class.ilEvaluationManagerExporter.php
A    Customizing\global\plugins\Services\Repository\RepositoryObject\EvaluationManager\classes\import
A    Customizing\global\plugins\Services\Repository\RepositoryObject\EvaluationManager\classes\import\class.ilObjEvaluationManagerImportCSV.php
A    Customizing\global\plugins\Services\Repository\RepositoryObject\EvaluationManager\classes\class.v1tov2.php
A    Customizing\global\plugins\Services\Repository\RepositoryObject\EvaluationManager\classes\class.ilEvaluationManagerConfigGUI.php
A    Customizing\global\plugins\Services\Repository\RepositoryObject\EvaluationManager\classes\class.ilObjEvaluationManager.php
A    Customizing\global\plugins\Services\Repository\RepositoryObject\EvaluationManager\classes\class.ilObjEvaluationManagerListGUI.php
A    Customizing\global\plugins\Services\Repository\RepositoryObject\EvaluationManager\classes\class.ilEvaluationManagerTableGUI.php
A    Customizing\global\plugins\Services\Repository\RepositoryObject\EvaluationManager\classes\class.ilObjEvaluationManagerAccess.php
A    Customizing\global\plugins\Services\Repository\RepositoryObject\EvaluationManager\templates
A    Customizing\global\plugins\Services\Repository\RepositoryObject\EvaluationManager\templates\images
A    Customizing\global\plugins\Services\Repository\RepositoryObject\EvaluationManager\templates\images\icon_xema.png
A    Customizing\global\plugins\Services\Repository\RepositoryObject\EvaluationManager\templates\images\icon_xema_b.png
A    Customizing\global\plugins\Services\Repository\RepositoryObject\EvaluationManager\templates\images\icon_xema_s.png
A    Customizing\global\plugins\Services\Repository\RepositoryObject\EvaluationManager\templates\images\icon_xeme.png
A    Customizing\global\plugins\Services\Repository\RepositoryObject\EvaluationManager\templates\images\icon_xeme_b.png
A    Customizing\global\plugins\Services\Repository\RepositoryObject\EvaluationManager\templates\images\icon_xeme_s.png
A    Customizing\global\plugins\Services\Repository\RepositoryObject\EvaluationManager\templates\default
A    Customizing\global\plugins\Services\Repository\RepositoryObject\EvaluationManager\templates\default\tpl.xema_overview_row.html
A    Customizing\global\plugins\Services\Repository\RepositoryObject\EvaluationManager\templates\default\tpl.xema_assignment_lecture_row.html
A    Customizing\global\plugins\Services\Repository\RepositoryObject\EvaluationManager\templates\default\tpl.xema_assignment_module_row.html
A    Customizing\global\plugins\Services\Repository\RepositoryObject\EvaluationManager\templates\default\tpl.xema_row_1.html
A    Customizing\global\plugins\Services\Repository\RepositoryObject\EvaluationManager\sql
A    Customizing\global\plugins\Services\Repository\RepositoryObject\EvaluationManager\sql\dbupdate.php
A    Customizing\global\plugins\Services\Repository\RepositoryObject\EvaluationManager\lang
A    Customizing\global\plugins\Services\Repository\RepositoryObject\EvaluationManager\lang\ilias_de.lang
A    Customizing\global\plugins\Services\Repository\RepositoryObject\EvaluationManager\plugin.php
A    Customizing\global\plugins\Services\UIComponent
A    Customizing\global\plugins\Services\UIComponent\UserInterfaceHook
A    Customizing\global\plugins\Services\UIComponent\UserInterfaceHook\LfMainMenu
A    Customizing\global\plugins\Services\UIComponent\UserInterfaceHook\LfMainMenu\lang
A    Customizing\global\plugins\Services\UIComponent\UserInterfaceHook\LfMainMenu\lang\ilias_en.lang
A    Customizing\global\plugins\Services\UIComponent\UserInterfaceHook\LfMainMenu\lang\ilias_de.lang
A    Customizing\global\plugins\Services\UIComponent\UserInterfaceHook\LfMainMenu\plugin.php
A    Customizing\global\plugins\Services\UIComponent\UserInterfaceHook\LfMainMenu\classes
A    Customizing\global\plugins\Services\UIComponent\UserInterfaceHook\LfMainMenu\classes\class.ilLfMainMenuPlugin.php
A    Customizing\global\plugins\Services\UIComponent\UserInterfaceHook\LfMainMenu\classes\class.lfCustomMenu.php
A    Customizing\global\plugins\Services\UIComponent\UserInterfaceHook\LfMainMenu\classes\class.lfCustomMenusTableGUI.php
A    Customizing\global\plugins\Services\UIComponent\UserInterfaceHook\LfMainMenu\classes\class.lfMenuTranslationTableGUI.php
A    Customizing\global\plugins\Services\UIComponent\UserInterfaceHook\LfMainMenu\classes\class.ilLfMainMenuUIHookGUI.php
A    Customizing\global\plugins\Services\UIComponent\UserInterfaceHook\LfMainMenu\classes\class.lfMenuItemsTableGUI.php
A    Customizing\global\plugins\Services\UIComponent\UserInterfaceHook\LfMainMenu\classes\class.ilLfMainMenuConfigGUI.php
A    Customizing\global\plugins\Services\UIComponent\UserInterfaceHook\LfMainMenu\templates
A    Customizing\global\plugins\Services\UIComponent\UserInterfaceHook\LfMainMenu\templates\tpl.menu_items_row.html
A    Customizing\global\plugins\Services\UIComponent\UserInterfaceHook\LfMainMenu\templates\tpl.lf_main_menu_list_entries.html
A    Customizing\global\plugins\Services\UIComponent\UserInterfaceHook\LfMainMenu\templates\tpl.menus_row.html
A    Customizing\global\plugins\Services\UIComponent\UserInterfaceHook\LfMainMenu\templates\tpl.translation_row.html
A    Customizing\global\plugins\Services\UIComponent\UserInterfaceHook\LfMainMenu\templates\tpl.unirep_featured_courses_row.html
A    Customizing\global\plugins\Services\UIComponent\UserInterfaceHook\LfMainMenu\sql
A    Customizing\global\plugins\Services\UIComponent\UserInterfaceHook\LfMainMenu\sql\dbupdate.php
A    Customizing\global\plugins\Modules
A    Customizing\global\plugins\Modules\TestQuestionPool
A    Customizing\global\plugins\Modules\TestQuestionPool\Questions
A    Customizing\global\plugins\Modules\TestQuestionPool\Questions\assAccountingQuestion
A    Customizing\global\plugins\Modules\TestQuestionPool\Questions\assAccountingQuestion\LICENSE
A    Customizing\global\plugins\Modules\TestQuestionPool\Questions\assAccountingQuestion\plugin.php
A    Customizing\global\plugins\Modules\TestQuestionPool\Questions\assAccountingQuestion\docs
A    Customizing\global\plugins\Modules\TestQuestionPool\Questions\assAccountingQuestion\docs\Anleitung-Deutsch.pdf
A    Customizing\global\plugins\Modules\TestQuestionPool\Questions\assAccountingQuestion\docs\Manual-English.pdf
A    Customizing\global\plugins\Modules\TestQuestionPool\Questions\assAccountingQuestion\README
A    Customizing\global\plugins\Modules\TestQuestionPool\Questions\assAccountingQuestion\classes
A    Customizing\global\plugins\Modules\TestQuestionPool\Questions\assAccountingQuestion\classes\class.ilAssAccountingQuestionFeedback.php
A    Customizing\global\plugins\Modules\TestQuestionPool\Questions\assAccountingQuestion\classes\export
A    Customizing\global\plugins\Modules\TestQuestionPool\Questions\assAccountingQuestion\classes\export\qti12
A    Customizing\global\plugins\Modules\TestQuestionPool\Questions\assAccountingQuestion\classes\export\qti12\class.assAccountingQuestionExport.php
A    Customizing\global\plugins\Modules\TestQuestionPool\Questions\assAccountingQuestion\classes\class.assAccountingQuestion.php
A    Customizing\global\plugins\Modules\TestQuestionPool\Questions\assAccountingQuestion\classes\class.assAccountingQuestionCalc.php
A    Customizing\global\plugins\Modules\TestQuestionPool\Questions\assAccountingQuestion\classes\class.ilassAccountingQuestionPlugin.php
A    Customizing\global\plugins\Modules\TestQuestionPool\Questions\assAccountingQuestion\classes\class.assAccountingQuestionGUI.php
A    Customizing\global\plugins\Modules\TestQuestionPool\Questions\assAccountingQuestion\classes\class.assAccountingQuestionPart.php
A    Customizing\global\plugins\Modules\TestQuestionPool\Questions\assAccountingQuestion\classes\import
A    Customizing\global\plugins\Modules\TestQuestionPool\Questions\assAccountingQuestion\classes\import\qti12
A    Customizing\global\plugins\Modules\TestQuestionPool\Questions\assAccountingQuestion\classes\import\qti12\class.assAccountingQuestionImport.php
A    Customizing\global\plugins\Modules\TestQuestionPool\Questions\assAccountingQuestion\flash
A    Customizing\global\plugins\Modules\TestQuestionPool\Questions\assAccountingQuestion\flash\buchungen.html
A    Customizing\global\plugins\Modules\TestQuestionPool\Questions\assAccountingQuestion\flash\buchungen_konto.xml
A    Customizing\global\plugins\Modules\TestQuestionPool\Questions\assAccountingQuestion\flash\kontenrahmen.xml
A    Customizing\global\plugins\Modules\TestQuestionPool\Questions\assAccountingQuestion\flash\accqst.swd
A    Customizing\global\plugins\Modules\TestQuestionPool\Questions\assAccountingQuestion\flash\buchungen_konto.html
A    Customizing\global\plugins\Modules\TestQuestionPool\Questions\assAccountingQuestion\flash\accqst.swf
A    Customizing\global\plugins\Modules\TestQuestionPool\Questions\assAccountingQuestion\flash\buchungen.xml
A    Customizing\global\plugins\Modules\TestQuestionPool\Questions\assAccountingQuestion\flash\accqst.fla
A    Customizing\global\plugins\Modules\TestQuestionPool\Questions\assAccountingQuestion\templates
A    Customizing\global\plugins\Modules\TestQuestionPool\Questions\assAccountingQuestion\templates\tpl.il_as_qpl_accqst_output.html
A    Customizing\global\plugins\Modules\TestQuestionPool\Questions\assAccountingQuestion\templates\tpl.il_as_qpl_accqst_output_solution_table.html
A    Customizing\global\plugins\Modules\TestQuestionPool\Questions\assAccountingQuestion\templates\tpl.il_as_qpl_accqst_feedback.html
A    Customizing\global\plugins\Modules\TestQuestionPool\Questions\assAccountingQuestion\templates\tpl.il_as_qpl_accqst_edit_xml.html
A    Customizing\global\plugins\Modules\TestQuestionPool\Questions\assAccountingQuestion\templates\accqstStyles.css
A    Customizing\global\plugins\Modules\TestQuestionPool\Questions\assAccountingQuestion\templates\tpl.il_as_qpl_accqst_output_paper.html
A    Customizing\global\plugins\Modules\TestQuestionPool\Questions\assAccountingQuestion\templates\tpl.il_as_qpl_accqst_output_solution.html
A    Customizing\global\plugins\Modules\TestQuestionPool\Questions\assAccountingQuestion\templates\tpl.il_as_qpl_accqst_form_custom.html
A    Customizing\global\plugins\Modules\TestQuestionPool\Questions\assAccountingQuestion\templates\tpl.il_as_qpl_accqst_output_paper_table.html
A    Customizing\global\plugins\Modules\TestQuestionPool\Questions\assAccountingQuestion\sql
A    Customizing\global\plugins\Modules\TestQuestionPool\Questions\assAccountingQuestion\sql\dbupdate.php
A    Customizing\global\plugins\Modules\TestQuestionPool\Questions\assAccountingQuestion\lang
A    Customizing\global\plugins\Modules\TestQuestionPool\Questions\assAccountingQuestion\lang\ilias_en.lang
A    Customizing\global\plugins\Modules\TestQuestionPool\Questions\assAccountingQuestion\lang\ilias_de.lang
A    Customizing\global\agreement
A    Customizing\global\agreement\agreement_de.html
A    Customizing\global\agreement\agreement_de_vor_sso.html
A    Customizing\global\agreement\agreement_en.html
A    Customizing\global\encodings
A    Customizing\global\encodings\class.ilEncodingWi2.php
A    Customizing\clients
A    Customizing\clients\StudOnTest
A    Customizing\clients\StudOnTest\agreement
A    Customizing\clients\StudOnTest\agreement\agreement_en.html
A    Customizing\clients\StudOnTest\agreement\agreement_de.html
A    Customizing\apply_patches.php
A    Customizing\customize.ini.php
A    Customizing\patches
A    Customizing\patches\class.ilPermissionPatches44.php
A    Customizing\patches\class.ilStudyDataPatches.php
A    Customizing\patches\class.ilSpecificPatches.php
A    Customizing\patches\class.ilUnivisPatches.php
A    Customizing\patches\class.ilRemoveExcoPerc.php
A    Customizing\patches\class.ilPermissionPatches43.php
A    Customizing\status.php
A    Customizing\classes
A    Customizing\classes\class.ilPatchUtils.php
A    Customizing\classes\class.ilCustomize.php
A    Customizing\classes\class.ilServerStatusCheck.php
A    Customizing\classes\class.ilPermissionUtils.php
A    Customizing\xlml_call.php
A    vhbadmin.php
U    lang\ilias_el.lang
U    lang\ilias_en.lang
U    lang\ilias_fr.lang
U    lang\ilias_et.lang
U    lang\ilias_nl.lang
U    lang\ilias_pl.lang
U    lang\ilias_it.lang
U    lang\ilias_lt.lang
U    lang\ilias_zh.lang
U    lang\ilias_pt.lang
UU   lang\ilias_da.lang
U    lang\ilias_sr.lang
U    lang\setup_de.lang
U    lang\ilias_de.lang
U    lang\ilias_bg.lang
U    lang\ilias_cs.lang
U    lang\ilias_es.lang
U    lang\ilias_hu.lang
U    lang\ilias_vi.lang
U    lang\ilias_uk.lang
U    lang\ilias_ro.lang
U    lang\ilias_sq.lang
U    lang\setup_ru.lang
U    lang\ilias_ru.lang
 C   .
.buildpath
.htaccess
extern
*.bak
.project
.cache
data
ilias.ini.php
.settings
nbproject
.idea
ilias.log
<<<<<<< MINE
lang
||||||| ORIGINAL
=======
ilias.merge.log
>>>>>>> THEIRS
Resolved conflicted state of '.'
--- Recording mergeinfo for merge between repository URLs into '.':
 G   .
 U   Customizing\global\plugins\Modules\TestQuestionPool\Questions\assAccountingQuestion
 U   Customizing\global\plugins\Services\Repository\RepositoryObject\Flashcards
 G   Modules\Test
 G   Modules\TestQuestionPool
 G   Services\AuthShibboleth
 G   lang\ilias_da.lang
Summary of conflicts:
  Text conflicts: 84 remaining (and 0 already resolved)
  Property conflicts: 0 remaining (and 1 already resolved)
  Tree conflicts: 16 remaining (and 0 already resolved)
