$ git merge --no-commit --no-ff ilias/release_5-3
Auto-merging webservice/soap/classes/class.ilSoapAdministration.php
Auto-merging setup/classes/class.ilClient.php
Removing libs/composer/vendor/geshi/geshi/src/geshi/.gitignore
Removing libs/composer/vendor/geshi/geshi/src/docs/phpdoc.ini
Removing libs/composer/vendor/geshi/geshi/src/docs/geshi-doc.txt
Removing libs/composer/vendor/geshi/geshi/src/docs/api/todolist.html
Removing libs/composer/vendor/geshi/geshi/src/docs/api/packages.html
Removing libs/composer/vendor/geshi/geshi/src/docs/api/media/stylesheet.css
Removing libs/composer/vendor/geshi/geshi/src/docs/api/media/images/up_button.png
Removing libs/composer/vendor/geshi/geshi/src/docs/api/media/images/tutorial_folder.png
Removing libs/composer/vendor/geshi/geshi/src/docs/api/media/images/tutorial.png
Removing libs/composer/vendor/geshi/geshi/src/docs/api/media/images/private_class_logo.png
Removing libs/composer/vendor/geshi/geshi/src/docs/api/media/images/previous_button_disabled.png
Removing libs/composer/vendor/geshi/geshi/src/docs/api/media/images/previous_button.png
Removing libs/composer/vendor/geshi/geshi/src/docs/api/media/images/package_folder.png
Removing libs/composer/vendor/geshi/geshi/src/docs/api/media/images/package.png
Removing libs/composer/vendor/geshi/geshi/src/docs/api/media/images/next_button_disabled.png
Removing libs/composer/vendor/geshi/geshi/src/docs/api/media/images/next_button.png
Removing libs/composer/vendor/geshi/geshi/src/docs/api/media/images/function_folder.png
Removing libs/composer/vendor/geshi/geshi/src/docs/api/media/images/folder.png
Removing libs/composer/vendor/geshi/geshi/src/docs/api/media/images/file.png
Removing libs/composer/vendor/geshi/geshi/src/docs/api/media/images/empty.png
Removing libs/composer/vendor/geshi/geshi/src/docs/api/media/images/class_folder.png
Removing libs/composer/vendor/geshi/geshi/src/docs/api/media/images/blank.png
Removing libs/composer/vendor/geshi/geshi/src/docs/api/media/images/Variable.png
Removing libs/composer/vendor/geshi/geshi/src/docs/api/media/images/Tplus.png
Removing libs/composer/vendor/geshi/geshi/src/docs/api/media/images/Tminus.png
Removing libs/composer/vendor/geshi/geshi/src/docs/api/media/images/T.png
Removing libs/composer/vendor/geshi/geshi/src/docs/api/media/images/StaticVariable.png
Removing libs/composer/vendor/geshi/geshi/src/docs/api/media/images/StaticMethod.png
Removing libs/composer/vendor/geshi/geshi/src/docs/api/media/images/PrivateVariable.png
Removing libs/composer/vendor/geshi/geshi/src/docs/api/media/images/PrivateMethod.png
Removing libs/composer/vendor/geshi/geshi/src/docs/api/media/images/PrivateClass_logo.png
Removing libs/composer/vendor/geshi/geshi/src/docs/api/media/images/PrivateClass.png
Removing libs/composer/vendor/geshi/geshi/src/docs/api/media/images/Page_logo.png
Removing libs/composer/vendor/geshi/geshi/src/docs/api/media/images/Page.png
Removing libs/composer/vendor/geshi/geshi/src/docs/api/media/images/Method.png
Removing libs/composer/vendor/geshi/geshi/src/docs/api/media/images/Lplus.png
Removing libs/composer/vendor/geshi/geshi/src/docs/api/media/images/Lminus.png
Removing libs/composer/vendor/geshi/geshi/src/docs/api/media/images/L.png
Removing libs/composer/vendor/geshi/geshi/src/docs/api/media/images/Interface_logo.png
Removing libs/composer/vendor/geshi/geshi/src/docs/api/media/images/Interface.png
Removing libs/composer/vendor/geshi/geshi/src/docs/api/media/images/Index.png
Removing libs/composer/vendor/geshi/geshi/src/docs/api/media/images/I.png
Removing libs/composer/vendor/geshi/geshi/src/docs/api/media/images/Global.png
Removing libs/composer/vendor/geshi/geshi/src/docs/api/media/images/Function.png
Removing libs/composer/vendor/geshi/geshi/src/docs/api/media/images/Destructor.png
Removing libs/composer/vendor/geshi/geshi/src/docs/api/media/images/Constructor.png
Removing libs/composer/vendor/geshi/geshi/src/docs/api/media/images/Constant.png
Removing libs/composer/vendor/geshi/geshi/src/docs/api/media/images/Class_logo.png
Removing libs/composer/vendor/geshi/geshi/src/docs/api/media/images/Class.png
Removing libs/composer/vendor/geshi/geshi/src/docs/api/media/images/AbstractPrivateMethod.png
Removing libs/composer/vendor/geshi/geshi/src/docs/api/media/images/AbstractPrivateClass_logo.png
Removing libs/composer/vendor/geshi/geshi/src/docs/api/media/images/AbstractPrivateClass.png
Removing libs/composer/vendor/geshi/geshi/src/docs/api/media/images/AbstractMethod.png
Removing libs/composer/vendor/geshi/geshi/src/docs/api/media/images/AbstractClass_logo.png
Removing libs/composer/vendor/geshi/geshi/src/docs/api/media/images/AbstractClass.png
Removing libs/composer/vendor/geshi/geshi/src/docs/api/media/banner.css
Removing libs/composer/vendor/geshi/geshi/src/docs/api/li_geshi.html
Removing libs/composer/vendor/geshi/geshi/src/docs/api/index.html
Removing libs/composer/vendor/geshi/geshi/src/docs/api/geshi/core/_geshi.php.html
Removing libs/composer/vendor/geshi/geshi/src/docs/api/geshi/core/GeSHi.html
Removing libs/composer/vendor/geshi/geshi/src/docs/api/errors.html
Removing libs/composer/vendor/geshi/geshi/src/docs/api/elementindex_geshi.html
Removing libs/composer/vendor/geshi/geshi/src/docs/api/elementindex.html
Removing libs/composer/vendor/geshi/geshi/src/docs/api/classtrees_geshi.html
Removing libs/composer/vendor/geshi/geshi/src/docs/api/blank.html
Removing libs/composer/vendor/geshi/geshi/src/docs/api/__filesource/fsource_geshi_core_geshi.php.html
Removing libs/composer/vendor/geshi/geshi/src/docs/TODO
Removing libs/composer/vendor/geshi/geshi/src/docs/README
Removing libs/composer/vendor/geshi/geshi/src/docs/.gitignore
Removing libs/composer/vendor/geshi/geshi/src/contrib/langcheck.php
Removing libs/composer/vendor/geshi/geshi/src/contrib/.gitignore
Removing libs/composer/vendor/geshi/geshi/src/.gitignore
Auto-merging libs/composer/vendor/geshi/geshi/docs/geshi-doc.html
Auto-merging libs/composer/vendor/geshi/geshi/contrib/langwiz.php
Auto-merging libs/composer/vendor/geshi/geshi/contrib/example.php
Auto-merging libs/composer/vendor/geshi/geshi/contrib/cssgen2.php
Auto-merging libs/composer/vendor/geshi/geshi/contrib/cssgen.php
Auto-merging libs/composer/vendor/geshi/geshi/contrib/aliased.php
Auto-merging libs/composer/vendor/geshi/geshi/THANKS
Auto-merging libs/composer/vendor/geshi/geshi/CHANGELOG
Auto-merging lang/ilias_de.lang
Auto-merging include/inc.ilias_version.php
CONFLICT (content): Merge conflict in include/inc.ilias_version.php
Auto-merging Services/Utilities/classes/class.ilUtil.php
Auto-merging Services/User/classes/class.ilPersonalProfileGUI.php
CONFLICT (content): Merge conflict in Services/User/classes/class.ilPersonalProfileGUI.php
Auto-merging Services/Tracking/classes/class.ilLPStatus.php
Auto-merging Services/Table/classes/class.ilTable2GUI.php
Auto-merging Services/Object/classes/class.ilObjectListGUI.php
Auto-merging Services/Membership/classes/class.ilWaitingListTableGUI.php
Auto-merging Services/Membership/classes/class.ilSubscriberTableGUI.php
Auto-merging Services/Link/classes/class.ilLink.php
Auto-merging Services/Language/classes/class.ilObjLanguageExtGUI.php
CONFLICT (content): Merge conflict in Services/Language/classes/class.ilObjLanguageExtGUI.php
Auto-merging Services/Init/classes/class.ilStartUpGUI.php
Auto-merging Services/Container/classes/class.ilContainerGUI.php
Auto-merging Services/Contact/classes/class.ilMailMemberSearchGUI.php
Auto-merging Services/COPage/js/ilCOPagePres.js
CONFLICT (content): Merge conflict in Services/COPage/js/ilCOPagePres.js
Auto-merging Services/Accordion/js/accordion.js
Auto-merging Services/AccessControl/classes/class.ilObjRoleFolderGUI.php
Auto-merging Modules/TestQuestionPool/classes/class.ilObjQuestionPoolGUI.php
Auto-merging Modules/TestQuestionPool/classes/class.ilObjQuestionPool.php
Auto-merging Modules/Test/classes/class.ilTestPlayerAbstractGUI.php
Auto-merging Modules/Test/classes/class.ilTestOutputGUI.php
Auto-merging Modules/Test/classes/class.ilTestExpressPageObjectGUI.php
Auto-merging Modules/Test/classes/class.ilObjTestGUI.php
Auto-merging Modules/Test/classes/class.ilObjTest.php
Auto-merging Modules/Survey/classes/class.ilSurveyQuestionTableGUI.php
Auto-merging Modules/LearningModule/classes/class.ilObjContentObject.php
Auto-merging Modules/Exercise/classes/class.ilObjExerciseGUI.php
Auto-merging Modules/Exercise/classes/class.ilExerciseSubmissionTableGUI.php
Auto-merging Modules/Exercise/classes/class.ilExerciseManagementGUI.php
CONFLICT (content): Merge conflict in Modules/Exercise/classes/class.ilExerciseManagementGUI.php
Auto-merging Modules/Exercise/classes/class.ilExAssignment.php
Auto-merging Modules/BookingManager/classes/class.ilObjBookingPoolGUI.php
Automatic merge failed; fix conflicts and then commit the result.
